  [1m[36m (12.6ms)[0m  [1mCREATE TABLE "schema_migrations" ("version" varchar(255) NOT NULL) [0m
  [1m[35m (0.0ms)[0m  select sqlite_version(*)
  [1m[36m (12.6ms)[0m  [1mCREATE UNIQUE INDEX "unique_schema_migrations" ON "schema_migrations" ("version")[0m
  [1m[35mActiveRecord::SchemaMigration Load (0.0ms)[0m  SELECT "schema_migrations".* FROM "schema_migrations"
Migrating to CreateAbcs (20140811081452)
  [1m[36m (0.0ms)[0m  [1mbegin transaction[0m
  [1m[35m (12.6ms)[0m  CREATE TABLE "abcs" ("id" INTEGER PRIMARY KEY AUTOINCREMENT NOT NULL, "ab" varchar(255), "cd" integer, "efg" text, "created_at" datetime, "updated_at" datetime) 
  [1m[36mSQL (0.0ms)[0m  [1mINSERT INTO "schema_migrations" ("version") VALUES (?)[0m  [["version", "20140811081452"]]
  [1m[35m (0.0ms)[0m  commit transaction
  [1m[36mActiveRecord::SchemaMigration Load (12.6ms)[0m  [1mSELECT "schema_migrations".* FROM "schema_migrations"[0m


Started GET "/abc" for 127.0.0.1 at 2014-08-11 16:15:50 +0800
  [1m[36mActiveRecord::SchemaMigration Load (11.2ms)[0m  [1mSELECT "schema_migrations".* FROM "schema_migrations"[0m

ActionController::RoutingError (No route matches [GET] "/abc"):
  actionpack (4.1.4) lib/action_dispatch/middleware/debug_exceptions.rb:21:in `call'
  actionpack (4.1.4) lib/action_dispatch/middleware/show_exceptions.rb:30:in `call'
  railties (4.1.4) lib/rails/rack/logger.rb:38:in `call_app'
  railties (4.1.4) lib/rails/rack/logger.rb:20:in `block in call'
  activesupport (4.1.4) lib/active_support/tagged_logging.rb:68:in `block in tagged'
  activesupport (4.1.4) lib/active_support/tagged_logging.rb:26:in `tagged'
  activesupport (4.1.4) lib/active_support/tagged_logging.rb:68:in `tagged'
  railties (4.1.4) lib/rails/rack/logger.rb:20:in `call'
  actionpack (4.1.4) lib/action_dispatch/middleware/request_id.rb:21:in `call'
  rack (1.5.2) lib/rack/methodoverride.rb:21:in `call'
  rack (1.5.2) lib/rack/runtime.rb:17:in `call'
  activesupport (4.1.4) lib/active_support/cache/strategy/local_cache_middleware.rb:26:in `call'
  rack (1.5.2) lib/rack/lock.rb:17:in `call'
  actionpack (4.1.4) lib/action_dispatch/middleware/static.rb:64:in `call'
  rack (1.5.2) lib/rack/sendfile.rb:112:in `call'
  railties (4.1.4) lib/rails/engine.rb:514:in `call'
  railties (4.1.4) lib/rails/application.rb:144:in `call'
  rack (1.5.2) lib/rack/lock.rb:17:in `call'
  rack (1.5.2) lib/rack/content_length.rb:14:in `call'
  rack (1.5.2) lib/rack/handler/webrick.rb:60:in `service'
  e:/ux/ruby2/lib/ruby/2.0.0/webrick/httpserver.rb:138:in `service'
  e:/ux/ruby2/lib/ruby/2.0.0/webrick/httpserver.rb:94:in `run'
  e:/ux/ruby2/lib/ruby/2.0.0/webrick/server.rb:295:in `block in start_thread'


  Rendered e:/ux/ruby2/lib/ruby/gems/2.0.0/gems/actionpack-4.1.4/lib/action_dispatch/middleware/templates/rescues/_trace.html.erb (11.2ms)
  Rendered e:/ux/ruby2/lib/ruby/gems/2.0.0/gems/actionpack-4.1.4/lib/action_dispatch/middleware/templates/routes/_route.html.erb (11.2ms)
  Rendered e:/ux/ruby2/lib/ruby/gems/2.0.0/gems/actionpack-4.1.4/lib/action_dispatch/middleware/templates/routes/_table.html.erb (11.2ms)
  Rendered e:/ux/ruby2/lib/ruby/gems/2.0.0/gems/actionpack-4.1.4/lib/action_dispatch/middleware/templates/rescues/routing_error.html.erb within rescues/layout (112.3ms)


Started GET "/abcs" for 127.0.0.1 at 2014-08-11 16:15:54 +0800
Processing by AbcsController#index as HTML
  [1m[35m (10.1ms)[0m  SELECT COUNT(*) FROM "abcs"
  Rendered e:/ux/ruby2/lib/ruby/gems/2.0.0/gems/active_scaffold-3.4.1/app/views/active_scaffold_overrides/_list_header.html.erb (101.0ms)
  Rendered e:/ux/ruby2/lib/ruby/gems/2.0.0/gems/active_scaffold-3.4.1/app/views/active_scaffold_overrides/_list_column_headings.html.erb (10.1ms)
  Rendered e:/ux/ruby2/lib/ruby/gems/2.0.0/gems/active_scaffold-3.4.1/app/views/active_scaffold_overrides/_messages.html.erb (0.0ms)
  Rendered e:/ux/ruby2/lib/ruby/gems/2.0.0/gems/active_scaffold-3.4.1/app/views/active_scaffold_overrides/_list_messages.html.erb (40.4ms)
  Rendered e:/ux/ruby2/lib/ruby/gems/2.0.0/gems/active_scaffold-3.4.1/app/views/active_scaffold_overrides/_list_pagination.html.erb (0.0ms)
  Rendered e:/ux/ruby2/lib/ruby/gems/2.0.0/gems/active_scaffold-3.4.1/app/views/active_scaffold_overrides/_list.html.erb (181.9ms)
  Rendered e:/ux/ruby2/lib/ruby/gems/2.0.0/gems/active_scaffold-3.4.1/app/views/active_scaffold_overrides/_list_with_header.html.erb (363.8ms)
  Rendered e:/ux/ruby2/lib/ruby/gems/2.0.0/gems/active_scaffold-3.4.1/app/views/active_scaffold_overrides/list.html.erb within layouts/application (404.2ms)
Completed 200 OK in 10725ms (Views: 10674.8ms | ActiveRecord: 10.1ms)


Started GET "/assets/application.css?body=1" for 127.0.0.1 at 2014-08-11 16:16:06 +0800


Started GET "/assets/jquery.js?body=1" for 127.0.0.1 at 2014-08-11 16:16:06 +0800


Started GET "/assets/jquery_ujs.js?body=1" for 127.0.0.1 at 2014-08-11 16:16:06 +0800


Started GET "/assets/turbolinks.js?body=1" for 127.0.0.1 at 2014-08-11 16:16:07 +0800


Started GET "/assets/application.js?body=1" for 127.0.0.1 at 2014-08-11 16:16:07 +0800


Started GET "/assets/active_scaffold/indicator.gif" for 127.0.0.1 at 2014-08-11 16:16:07 +0800


Started GET "/abcs" for 127.0.0.1 at 2014-08-11 16:16:43 +0800
Processing by AbcsController#index as HTML
  [1m[36m (8.9ms)[0m  [1mSELECT COUNT(*) FROM "abcs"[0m
  Rendered e:/ux/ruby2/lib/ruby/gems/2.0.0/gems/active_scaffold-3.4.1/app/views/active_scaffold_overrides/_list_header.html.erb (0.0ms)
  Rendered e:/ux/ruby2/lib/ruby/gems/2.0.0/gems/active_scaffold-3.4.1/app/views/active_scaffold_overrides/_list_column_headings.html.erb (0.0ms)
  Rendered e:/ux/ruby2/lib/ruby/gems/2.0.0/gems/active_scaffold-3.4.1/app/views/active_scaffold_overrides/_messages.html.erb (0.0ms)
  Rendered e:/ux/ruby2/lib/ruby/gems/2.0.0/gems/active_scaffold-3.4.1/app/views/active_scaffold_overrides/_list_messages.html.erb (35.7ms)
  Rendered e:/ux/ruby2/lib/ruby/gems/2.0.0/gems/active_scaffold-3.4.1/app/views/active_scaffold_overrides/_list_pagination.html.erb (0.0ms)
  Rendered e:/ux/ruby2/lib/ruby/gems/2.0.0/gems/active_scaffold-3.4.1/app/views/active_scaffold_overrides/_list.html.erb (151.5ms)
  Rendered e:/ux/ruby2/lib/ruby/gems/2.0.0/gems/active_scaffold-3.4.1/app/views/active_scaffold_overrides/_list_with_header.html.erb (276.3ms)
  Rendered e:/ux/ruby2/lib/ruby/gems/2.0.0/gems/active_scaffold-3.4.1/app/views/active_scaffold_overrides/list.html.erb within layouts/application (347.6ms)
Completed 200 OK in 1702ms (Views: 1684.7ms | ActiveRecord: 8.9ms)


Started GET "/assets/active_scaffold.css?body=1" for 127.0.0.1 at 2014-08-11 16:16:45 +0800


Started GET "/assets/jquery/active_scaffold.js?body=1" for 127.0.0.1 at 2014-08-11 16:16:45 +0800


Started GET "/assets/getprototypeof.js?body=1" for 127.0.0.1 at 2014-08-11 16:16:45 +0800


Started GET "/assets/jquery/jquery.editinplace.js?body=1" for 127.0.0.1 at 2014-08-11 16:16:45 +0800


Started GET "/assets/active_scaffold.js?body=1" for 127.0.0.1 at 2014-08-11 16:16:45 +0800


Started GET "/assets/active_scaffold/add.png" for 127.0.0.1 at 2014-08-11 16:16:45 +0800


Started GET "/assets/active_scaffold/magnifier.png" for 127.0.0.1 at 2014-08-11 16:16:45 +0800


Started GET "/abcs/new?adapter=_list_inline_adapter" for 127.0.0.1 at 2014-08-11 16:22:03 +0800

ActionController::RoutingError (undefined method `results_per_page=' for #<ActiveScaffold::Config::List:0x3258108>):
  app/controllers/abcs_controller.rb:3:in `block in <class:AbcsController>'
  app/controllers/abcs_controller.rb:2:in `<class:AbcsController>'
  app/controllers/abcs_controller.rb:1:in `<top (required)>'


  Rendered e:/ux/ruby2/lib/ruby/gems/2.0.0/gems/actionpack-4.1.4/lib/action_dispatch/middleware/templates/rescues/_trace.text.erb (0.0ms)
  Rendered e:/ux/ruby2/lib/ruby/gems/2.0.0/gems/actionpack-4.1.4/lib/action_dispatch/middleware/templates/rescues/routing_error.text.erb (10.0ms)


Started GET "/abcs/new?adapter=_list_inline_adapter" for 127.0.0.1 at 2014-08-11 16:22:06 +0800

ActionController::RoutingError (undefined method `results_per_page=' for #<ActiveScaffold::Config::List:0x345ce40>):
  app/controllers/abcs_controller.rb:3:in `block in <class:AbcsController>'
  app/controllers/abcs_controller.rb:2:in `<class:AbcsController>'
  app/controllers/abcs_controller.rb:1:in `<top (required)>'


  Rendered e:/ux/ruby2/lib/ruby/gems/2.0.0/gems/actionpack-4.1.4/lib/action_dispatch/middleware/templates/rescues/_trace.text.erb (10.0ms)
  Rendered e:/ux/ruby2/lib/ruby/gems/2.0.0/gems/actionpack-4.1.4/lib/action_dispatch/middleware/templates/rescues/routing_error.text.erb (20.0ms)


Started GET "/abcs" for 127.0.0.1 at 2014-08-11 16:22:08 +0800

ActionController::RoutingError (undefined method `results_per_page=' for #<ActiveScaffold::Config::List:0x1a48dd8>):
  app/controllers/abcs_controller.rb:3:in `block in <class:AbcsController>'
  app/controllers/abcs_controller.rb:2:in `<class:AbcsController>'
  app/controllers/abcs_controller.rb:1:in `<top (required)>'


  Rendered e:/ux/ruby2/lib/ruby/gems/2.0.0/gems/actionpack-4.1.4/lib/action_dispatch/middleware/templates/rescues/_trace.html.erb (10.0ms)
  Rendered e:/ux/ruby2/lib/ruby/gems/2.0.0/gems/actionpack-4.1.4/lib/action_dispatch/middleware/templates/routes/_route.html.erb (0.0ms)
  Rendered e:/ux/ruby2/lib/ruby/gems/2.0.0/gems/actionpack-4.1.4/lib/action_dispatch/middleware/templates/routes/_table.html.erb (40.1ms)
  Rendered e:/ux/ruby2/lib/ruby/gems/2.0.0/gems/actionpack-4.1.4/lib/action_dispatch/middleware/templates/rescues/routing_error.html.erb within rescues/layout (160.2ms)


Started GET "/abcs" for 127.0.0.1 at 2014-08-11 16:22:23 +0800
Processing by AbcsController#index as HTML
  [1m[35m (10.0ms)[0m  SELECT COUNT(*) FROM "abcs"
  Rendered e:/ux/ruby2/lib/ruby/gems/2.0.0/gems/active_scaffold-3.4.1/app/views/active_scaffold_overrides/_list_header.html.erb (10.0ms)
  Rendered e:/ux/ruby2/lib/ruby/gems/2.0.0/gems/active_scaffold-3.4.1/app/views/active_scaffold_overrides/_list_column_headings.html.erb (0.0ms)
  Rendered e:/ux/ruby2/lib/ruby/gems/2.0.0/gems/active_scaffold-3.4.1/app/views/active_scaffold_overrides/_messages.html.erb (0.0ms)
  Rendered e:/ux/ruby2/lib/ruby/gems/2.0.0/gems/active_scaffold-3.4.1/app/views/active_scaffold_overrides/_list_messages.html.erb (40.1ms)
  Rendered e:/ux/ruby2/lib/ruby/gems/2.0.0/gems/active_scaffold-3.4.1/app/views/active_scaffold_overrides/_list_pagination.html.erb (0.0ms)
  Rendered e:/ux/ruby2/lib/ruby/gems/2.0.0/gems/active_scaffold-3.4.1/app/views/active_scaffold_overrides/_list.html.erb (170.2ms)
  Rendered e:/ux/ruby2/lib/ruby/gems/2.0.0/gems/active_scaffold-3.4.1/app/views/active_scaffold_overrides/_list_with_header.html.erb (260.4ms)
  Rendered e:/ux/ruby2/lib/ruby/gems/2.0.0/gems/active_scaffold-3.4.1/app/views/active_scaffold_overrides/list.html.erb within layouts/application (300.4ms)
Completed 200 OK in 451ms (Views: 440.6ms | ActiveRecord: 10.0ms)


Started GET "/abcs" for 127.0.0.1 at 2014-08-11 16:24:32 +0800
Processing by AbcsController#index as HTML
  [1m[36m (10.0ms)[0m  [1mSELECT COUNT(*) FROM "abcs"[0m
  Rendered e:/ux/ruby2/lib/ruby/gems/2.0.0/gems/active_scaffold-3.4.1/app/views/active_scaffold_overrides/_list_header.html.erb (10.0ms)
  Rendered e:/ux/ruby2/lib/ruby/gems/2.0.0/gems/active_scaffold-3.4.1/app/views/active_scaffold_overrides/_list_column_headings.html.erb (0.0ms)
  Rendered e:/ux/ruby2/lib/ruby/gems/2.0.0/gems/active_scaffold-3.4.1/app/views/active_scaffold_overrides/_messages.html.erb (0.0ms)
  Rendered e:/ux/ruby2/lib/ruby/gems/2.0.0/gems/active_scaffold-3.4.1/app/views/active_scaffold_overrides/_list_messages.html.erb (30.0ms)
  Rendered e:/ux/ruby2/lib/ruby/gems/2.0.0/gems/active_scaffold-3.4.1/app/views/active_scaffold_overrides/_list_pagination.html.erb (0.0ms)
  Rendered e:/ux/ruby2/lib/ruby/gems/2.0.0/gems/active_scaffold-3.4.1/app/views/active_scaffold_overrides/_list.html.erb (160.2ms)
  Rendered e:/ux/ruby2/lib/ruby/gems/2.0.0/gems/active_scaffold-3.4.1/app/views/active_scaffold_overrides/_list_with_header.html.erb (290.4ms)
  Rendered e:/ux/ruby2/lib/ruby/gems/2.0.0/gems/active_scaffold-3.4.1/app/views/active_scaffold_overrides/list.html.erb within layouts/application (330.5ms)
Completed 200 OK in 441ms (Views: 430.6ms | ActiveRecord: 10.0ms)


Started GET "/abcs/new?adapter=_list_inline_adapter" for 127.0.0.1 at 2014-08-11 16:24:35 +0800
Processing by AbcsController#new as JS
  Parameters: {"adapter"=>"_list_inline_adapter"}
  Rendered e:/ux/ruby2/lib/ruby/gems/2.0.0/gems/active_scaffold-3.4.1/app/views/active_scaffold_overrides/_form_messages.html.erb (10.0ms)
  Rendered e:/ux/ruby2/lib/ruby/gems/2.0.0/gems/active_scaffold-3.4.1/app/views/active_scaffold_overrides/_form.html.erb (70.1ms)
  Rendered e:/ux/ruby2/lib/ruby/gems/2.0.0/gems/active_scaffold-3.4.1/app/views/active_scaffold_overrides/_base_form.html.erb (210.3ms)
  Rendered e:/ux/ruby2/lib/ruby/gems/2.0.0/gems/active_scaffold-3.4.1/app/views/active_scaffold_overrides/_create_form.html.erb (260.4ms)
  Rendered e:/ux/ruby2/lib/ruby/gems/2.0.0/gems/active_scaffold-3.4.1/app/views/active_scaffold_overrides/_messages.html.erb (0.0ms)
  Rendered e:/ux/ruby2/lib/ruby/gems/2.0.0/gems/active_scaffold-3.4.1/app/views/active_scaffold_overrides/_list_inline_adapter.html.erb (50.1ms)
Completed 200 OK in 481ms (Views: 120.2ms | ActiveRecord: 0.0ms)


Started GET "/assets/active_scaffold/close.png" for 127.0.0.1 at 2014-08-11 16:24:35 +0800


Started POST "/abcs" for 127.0.0.1 at 2014-08-11 16:24:52 +0800
Processing by AbcsController#create as JS
  Parameters: {"utf8"=>"✓", "record"=>{"ab"=>"111", "cd"=>"111", "efg"=>"111"}, "commit"=>"Create"}
  [1m[35m (0.0ms)[0m  begin transaction
  [1m[36mSQL (0.0ms)[0m  [1mINSERT INTO "abcs" ("ab", "cd", "created_at", "efg", "updated_at") VALUES (?, ?, ?, ?, ?)[0m  [["ab", "111"], ["cd", 111], ["created_at", "2014-08-11 08:24:52.694996"], ["efg", "111"], ["updated_at", "2014-08-11 08:24:52.694996"]]
  [1m[35m (10.0ms)[0m  commit transaction
  Rendered e:/ux/ruby2/lib/ruby/gems/2.0.0/gems/active_scaffold-3.4.1/app/views/active_scaffold_overrides/_messages.html.erb (0.0ms)
  Rendered e:/ux/ruby2/lib/ruby/gems/2.0.0/gems/active_scaffold-3.4.1/app/views/active_scaffold_overrides/_list_record.html.erb (30.0ms)
  Rendered e:/ux/ruby2/lib/ruby/gems/2.0.0/gems/active_scaffold-3.4.1/app/views/active_scaffold_overrides/_update_calculations.js.erb (0.0ms)
  Rendered e:/ux/ruby2/lib/ruby/gems/2.0.0/gems/active_scaffold-3.4.1/app/views/active_scaffold_overrides/on_create.js.erb (200.3ms)
Completed 200 OK in 351ms (Views: 310.4ms | ActiveRecord: 10.0ms)


Started GET "/abcs/new?adapter=_list_inline_adapter" for 127.0.0.1 at 2014-08-11 16:24:55 +0800
Processing by AbcsController#new as JS
  Parameters: {"adapter"=>"_list_inline_adapter"}
  Rendered e:/ux/ruby2/lib/ruby/gems/2.0.0/gems/active_scaffold-3.4.1/app/views/active_scaffold_overrides/_form_messages.html.erb (0.0ms)
  Rendered e:/ux/ruby2/lib/ruby/gems/2.0.0/gems/active_scaffold-3.4.1/app/views/active_scaffold_overrides/_form.html.erb (60.1ms)
  Rendered e:/ux/ruby2/lib/ruby/gems/2.0.0/gems/active_scaffold-3.4.1/app/views/active_scaffold_overrides/_base_form.html.erb (240.3ms)
  Rendered e:/ux/ruby2/lib/ruby/gems/2.0.0/gems/active_scaffold-3.4.1/app/views/active_scaffold_overrides/_create_form.html.erb (300.4ms)
  Rendered e:/ux/ruby2/lib/ruby/gems/2.0.0/gems/active_scaffold-3.4.1/app/views/active_scaffold_overrides/_messages.html.erb (0.0ms)
  Rendered e:/ux/ruby2/lib/ruby/gems/2.0.0/gems/active_scaffold-3.4.1/app/views/active_scaffold_overrides/_list_inline_adapter.html.erb (60.1ms)
Completed 200 OK in 471ms (Views: 120.2ms | ActiveRecord: 0.0ms)


Started POST "/abcs" for 127.0.0.1 at 2014-08-11 16:25:00 +0800
Processing by AbcsController#create as JS
  Parameters: {"utf8"=>"✓", "record"=>{"ab"=>"112", "cd"=>"112", "efg"=>"112"}, "commit"=>"Create"}
  [1m[36m (0.0ms)[0m  [1mbegin transaction[0m
  [1m[35mSQL (10.0ms)[0m  INSERT INTO "abcs" ("ab", "cd", "created_at", "efg", "updated_at") VALUES (?, ?, ?, ?, ?)  [["ab", "112"], ["cd", 112], ["created_at", "2014-08-11 08:25:00.155724"], ["efg", "112"], ["updated_at", "2014-08-11 08:25:00.155724"]]
  [1m[36m (10.0ms)[0m  [1mcommit transaction[0m
  Rendered e:/ux/ruby2/lib/ruby/gems/2.0.0/gems/active_scaffold-3.4.1/app/views/active_scaffold_overrides/_messages.html.erb (0.0ms)
  Rendered e:/ux/ruby2/lib/ruby/gems/2.0.0/gems/active_scaffold-3.4.1/app/views/active_scaffold_overrides/_list_record.html.erb (0.0ms)
  Rendered e:/ux/ruby2/lib/ruby/gems/2.0.0/gems/active_scaffold-3.4.1/app/views/active_scaffold_overrides/_update_calculations.js.erb (10.0ms)
  Rendered e:/ux/ruby2/lib/ruby/gems/2.0.0/gems/active_scaffold-3.4.1/app/views/active_scaffold_overrides/on_create.js.erb (160.2ms)
Completed 200 OK in 320ms (Views: 300.4ms | ActiveRecord: 20.0ms)


Started GET "/abcs/new?adapter=_list_inline_adapter" for 127.0.0.1 at 2014-08-11 16:25:01 +0800
Processing by AbcsController#new as JS
  Parameters: {"adapter"=>"_list_inline_adapter"}
  Rendered e:/ux/ruby2/lib/ruby/gems/2.0.0/gems/active_scaffold-3.4.1/app/views/active_scaffold_overrides/_form_messages.html.erb (0.0ms)
  Rendered e:/ux/ruby2/lib/ruby/gems/2.0.0/gems/active_scaffold-3.4.1/app/views/active_scaffold_overrides/_form.html.erb (80.1ms)
  Rendered e:/ux/ruby2/lib/ruby/gems/2.0.0/gems/active_scaffold-3.4.1/app/views/active_scaffold_overrides/_base_form.html.erb (210.3ms)
  Rendered e:/ux/ruby2/lib/ruby/gems/2.0.0/gems/active_scaffold-3.4.1/app/views/active_scaffold_overrides/_create_form.html.erb (270.4ms)
  Rendered e:/ux/ruby2/lib/ruby/gems/2.0.0/gems/active_scaffold-3.4.1/app/views/active_scaffold_overrides/_messages.html.erb (0.0ms)
  Rendered e:/ux/ruby2/lib/ruby/gems/2.0.0/gems/active_scaffold-3.4.1/app/views/active_scaffold_overrides/_list_inline_adapter.html.erb (90.1ms)
Completed 200 OK in 491ms (Views: 160.2ms | ActiveRecord: 0.0ms)


Started POST "/abcs" for 127.0.0.1 at 2014-08-11 16:25:07 +0800
Processing by AbcsController#create as JS
  Parameters: {"utf8"=>"✓", "record"=>{"ab"=>"113", "cd"=>"113", "efg"=>"113"}, "commit"=>"Create"}
  [1m[35m (0.0ms)[0m  begin transaction
  [1m[36mSQL (10.0ms)[0m  [1mINSERT INTO "abcs" ("ab", "cd", "created_at", "efg", "updated_at") VALUES (?, ?, ?, ?, ?)[0m  [["ab", "113"], ["cd", 113], ["created_at", "2014-08-11 08:25:07.115732"], ["efg", "113"], ["updated_at", "2014-08-11 08:25:07.115732"]]
  [1m[35m (10.0ms)[0m  commit transaction
  Rendered e:/ux/ruby2/lib/ruby/gems/2.0.0/gems/active_scaffold-3.4.1/app/views/active_scaffold_overrides/_messages.html.erb (0.0ms)
  Rendered e:/ux/ruby2/lib/ruby/gems/2.0.0/gems/active_scaffold-3.4.1/app/views/active_scaffold_overrides/_list_record.html.erb (0.0ms)
  Rendered e:/ux/ruby2/lib/ruby/gems/2.0.0/gems/active_scaffold-3.4.1/app/views/active_scaffold_overrides/_update_calculations.js.erb (0.0ms)
  Rendered e:/ux/ruby2/lib/ruby/gems/2.0.0/gems/active_scaffold-3.4.1/app/views/active_scaffold_overrides/on_create.js.erb (250.4ms)
Completed 200 OK in 381ms (Views: 350.5ms | ActiveRecord: 20.0ms)


Started GET "/abcs/new?adapter=_list_inline_adapter" for 127.0.0.1 at 2014-08-11 16:25:08 +0800
Processing by AbcsController#new as JS
  Parameters: {"adapter"=>"_list_inline_adapter"}
  Rendered e:/ux/ruby2/lib/ruby/gems/2.0.0/gems/active_scaffold-3.4.1/app/views/active_scaffold_overrides/_form_messages.html.erb (0.0ms)
  Rendered e:/ux/ruby2/lib/ruby/gems/2.0.0/gems/active_scaffold-3.4.1/app/views/active_scaffold_overrides/_form.html.erb (70.1ms)
  Rendered e:/ux/ruby2/lib/ruby/gems/2.0.0/gems/active_scaffold-3.4.1/app/views/active_scaffold_overrides/_base_form.html.erb (190.3ms)
  Rendered e:/ux/ruby2/lib/ruby/gems/2.0.0/gems/active_scaffold-3.4.1/app/views/active_scaffold_overrides/_create_form.html.erb (260.4ms)
  Rendered e:/ux/ruby2/lib/ruby/gems/2.0.0/gems/active_scaffold-3.4.1/app/views/active_scaffold_overrides/_messages.html.erb (0.0ms)
  Rendered e:/ux/ruby2/lib/ruby/gems/2.0.0/gems/active_scaffold-3.4.1/app/views/active_scaffold_overrides/_list_inline_adapter.html.erb (50.1ms)
Completed 200 OK in 491ms (Views: 170.2ms | ActiveRecord: 0.0ms)


Started POST "/abcs" for 127.0.0.1 at 2014-08-11 16:25:16 +0800
Processing by AbcsController#create as JS
  Parameters: {"utf8"=>"✓", "record"=>{"ab"=>"114", "cd"=>"114", "efg"=>"114"}, "commit"=>"Create"}
  [1m[36m (0.0ms)[0m  [1mbegin transaction[0m
  [1m[35mSQL (10.0ms)[0m  INSERT INTO "abcs" ("ab", "cd", "created_at", "efg", "updated_at") VALUES (?, ?, ?, ?, ?)  [["ab", "114"], ["cd", 114], ["created_at", "2014-08-11 08:25:16.489210"], ["efg", "114"], ["updated_at", "2014-08-11 08:25:16.489210"]]
  [1m[36m (20.0ms)[0m  [1mcommit transaction[0m
  Rendered e:/ux/ruby2/lib/ruby/gems/2.0.0/gems/active_scaffold-3.4.1/app/views/active_scaffold_overrides/_messages.html.erb (0.0ms)
  Rendered e:/ux/ruby2/lib/ruby/gems/2.0.0/gems/active_scaffold-3.4.1/app/views/active_scaffold_overrides/_list_record.html.erb (0.0ms)
  Rendered e:/ux/ruby2/lib/ruby/gems/2.0.0/gems/active_scaffold-3.4.1/app/views/active_scaffold_overrides/_update_calculations.js.erb (0.0ms)
  Rendered e:/ux/ruby2/lib/ruby/gems/2.0.0/gems/active_scaffold-3.4.1/app/views/active_scaffold_overrides/on_create.js.erb (160.2ms)
Completed 200 OK in 280ms (Views: 250.4ms | ActiveRecord: 30.0ms)


Started GET "/abcs" for 127.0.0.1 at 2014-08-11 16:25:25 +0800


Started GET "/abcs" for 127.0.0.1 at 2014-08-11 16:25:43 +0800
  [1m[36mActiveRecord::SchemaMigration Load (0.0ms)[0m  [1mSELECT "schema_migrations".* FROM "schema_migrations"[0m

ActionController::RoutingError (undefined method `results_per_page=' for #<ActiveScaffold::Config::List:0x1b9fca8>):
  app/controllers/abcs_controller.rb:3:in `block in <class:AbcsController>'
  app/controllers/abcs_controller.rb:2:in `<class:AbcsController>'
  app/controllers/abcs_controller.rb:1:in `<top (required)>'


  Rendered e:/ux/ruby2/lib/ruby/gems/2.0.0/gems/actionpack-4.1.4/lib/action_dispatch/middleware/templates/rescues/_trace.html.erb (0.0ms)
  Rendered e:/ux/ruby2/lib/ruby/gems/2.0.0/gems/actionpack-4.1.4/lib/action_dispatch/middleware/templates/routes/_route.html.erb (0.0ms)
  Rendered e:/ux/ruby2/lib/ruby/gems/2.0.0/gems/actionpack-4.1.4/lib/action_dispatch/middleware/templates/routes/_table.html.erb (30.0ms)
  Rendered e:/ux/ruby2/lib/ruby/gems/2.0.0/gems/actionpack-4.1.4/lib/action_dispatch/middleware/templates/rescues/routing_error.html.erb within rescues/layout (180.3ms)


Started GET "/abcs" for 127.0.0.1 at 2014-08-11 16:26:02 +0800
Processing by AbcsController#index as HTML
  [1m[35m (0.0ms)[0m  SELECT COUNT(*) FROM "abcs"
  Rendered e:/ux/ruby2/lib/ruby/gems/2.0.0/gems/active_scaffold-3.4.1/app/views/active_scaffold_overrides/_list_header.html.erb (80.1ms)
  Rendered e:/ux/ruby2/lib/ruby/gems/2.0.0/gems/active_scaffold-3.4.1/app/views/active_scaffold_overrides/_list_column_headings.html.erb (10.0ms)
  Rendered e:/ux/ruby2/lib/ruby/gems/2.0.0/gems/active_scaffold-3.4.1/app/views/active_scaffold_overrides/_messages.html.erb (0.0ms)
  Rendered e:/ux/ruby2/lib/ruby/gems/2.0.0/gems/active_scaffold-3.4.1/app/views/active_scaffold_overrides/_list_messages.html.erb (40.1ms)
  [1m[36mAbc Load (0.0ms)[0m  [1mSELECT  "abcs".* FROM "abcs"   ORDER BY "abcs"."id" ASC LIMIT 2 OFFSET 0[0m
  Rendered e:/ux/ruby2/lib/ruby/gems/2.0.0/gems/active_scaffold-3.4.1/app/views/active_scaffold_overrides/_list_record.html.erb (30.0ms)
  Rendered e:/ux/ruby2/lib/ruby/gems/2.0.0/gems/active_scaffold-3.4.1/app/views/active_scaffold_overrides/_list_pagination_links.html.erb (0.0ms)
  Rendered e:/ux/ruby2/lib/ruby/gems/2.0.0/gems/active_scaffold-3.4.1/app/views/active_scaffold_overrides/_list_pagination.html.erb (50.1ms)
  Rendered e:/ux/ruby2/lib/ruby/gems/2.0.0/gems/active_scaffold-3.4.1/app/views/active_scaffold_overrides/_list.html.erb (310.4ms)
  Rendered e:/ux/ruby2/lib/ruby/gems/2.0.0/gems/active_scaffold-3.4.1/app/views/active_scaffold_overrides/_list_with_header.html.erb (530.8ms)
  Rendered e:/ux/ruby2/lib/ruby/gems/2.0.0/gems/active_scaffold-3.4.1/app/views/active_scaffold_overrides/list.html.erb within layouts/application (560.8ms)
Completed 200 OK in 1242ms (Views: 1181.7ms | ActiveRecord: 0.0ms)


Started GET "/abcs" for 127.0.0.1 at 2014-08-11 16:26:17 +0800
Processing by AbcsController#index as HTML
  [1m[35m (10.0ms)[0m  SELECT COUNT(*) FROM "abcs"
  Rendered e:/ux/ruby2/lib/ruby/gems/2.0.0/gems/active_scaffold-3.4.1/app/views/active_scaffold_overrides/_list_header.html.erb (0.0ms)
  Rendered e:/ux/ruby2/lib/ruby/gems/2.0.0/gems/active_scaffold-3.4.1/app/views/active_scaffold_overrides/_list_column_headings.html.erb (0.0ms)
  Rendered e:/ux/ruby2/lib/ruby/gems/2.0.0/gems/active_scaffold-3.4.1/app/views/active_scaffold_overrides/_messages.html.erb (0.0ms)
  Rendered e:/ux/ruby2/lib/ruby/gems/2.0.0/gems/active_scaffold-3.4.1/app/views/active_scaffold_overrides/_list_messages.html.erb (40.1ms)
  [1m[36mAbc Load (0.0ms)[0m  [1mSELECT  "abcs".* FROM "abcs"   ORDER BY "abcs"."id" ASC LIMIT 2 OFFSET 0[0m
  Rendered e:/ux/ruby2/lib/ruby/gems/2.0.0/gems/active_scaffold-3.4.1/app/views/active_scaffold_overrides/_list_record.html.erb (10.0ms)
  Rendered e:/ux/ruby2/lib/ruby/gems/2.0.0/gems/active_scaffold-3.4.1/app/views/active_scaffold_overrides/_list_pagination_links.html.erb (10.0ms)
  Rendered e:/ux/ruby2/lib/ruby/gems/2.0.0/gems/active_scaffold-3.4.1/app/views/active_scaffold_overrides/_list_pagination.html.erb (50.1ms)
  Rendered e:/ux/ruby2/lib/ruby/gems/2.0.0/gems/active_scaffold-3.4.1/app/views/active_scaffold_overrides/_list.html.erb (280.4ms)
  Rendered e:/ux/ruby2/lib/ruby/gems/2.0.0/gems/active_scaffold-3.4.1/app/views/active_scaffold_overrides/_list_with_header.html.erb (350.5ms)
  Rendered e:/ux/ruby2/lib/ruby/gems/2.0.0/gems/active_scaffold-3.4.1/app/views/active_scaffold_overrides/list.html.erb within layouts/application (390.6ms)
Completed 200 OK in 501ms (Views: 490.7ms | ActiveRecord: 10.0ms)


Started GET "/abcs" for 127.0.0.1 at 2014-08-11 16:26:30 +0800
  [1m[36mActiveRecord::SchemaMigration Load (10.0ms)[0m  [1mSELECT "schema_migrations".* FROM "schema_migrations"[0m
Processing by AbcsController#index as HTML
  [1m[35m (10.0ms)[0m  SELECT COUNT(*) FROM "abcs"
  Rendered e:/ux/ruby2/lib/ruby/gems/2.0.0/gems/active_scaffold-3.4.1/app/views/active_scaffold_overrides/_list_header.html.erb (90.1ms)
  Rendered e:/ux/ruby2/lib/ruby/gems/2.0.0/gems/active_scaffold-3.4.1/app/views/active_scaffold_overrides/_list_column_headings.html.erb (10.0ms)
  Rendered e:/ux/ruby2/lib/ruby/gems/2.0.0/gems/active_scaffold-3.4.1/app/views/active_scaffold_overrides/_messages.html.erb (0.0ms)
  Rendered e:/ux/ruby2/lib/ruby/gems/2.0.0/gems/active_scaffold-3.4.1/app/views/active_scaffold_overrides/_list_messages.html.erb (50.1ms)
  [1m[36mAbc Load (10.0ms)[0m  [1mSELECT  "abcs".* FROM "abcs"   ORDER BY "abcs"."id" ASC LIMIT 2 OFFSET 0[0m
  Rendered e:/ux/ruby2/lib/ruby/gems/2.0.0/gems/active_scaffold-3.4.1/app/views/active_scaffold_overrides/_list_record.html.erb (20.0ms)
  Rendered e:/ux/ruby2/lib/ruby/gems/2.0.0/gems/active_scaffold-3.4.1/app/views/active_scaffold_overrides/_list_pagination_links.html.erb (10.0ms)
  Rendered e:/ux/ruby2/lib/ruby/gems/2.0.0/gems/active_scaffold-3.4.1/app/views/active_scaffold_overrides/_list_pagination.html.erb (50.1ms)
  Rendered e:/ux/ruby2/lib/ruby/gems/2.0.0/gems/active_scaffold-3.4.1/app/views/active_scaffold_overrides/_list.html.erb (310.4ms)
  Rendered e:/ux/ruby2/lib/ruby/gems/2.0.0/gems/active_scaffold-3.4.1/app/views/active_scaffold_overrides/_list_with_header.html.erb (480.7ms)
  Rendered e:/ux/ruby2/lib/ruby/gems/2.0.0/gems/active_scaffold-3.4.1/app/views/active_scaffold_overrides/list.html.erb within layouts/application (550.8ms)
Completed 200 OK in 1262ms (Views: 1201.7ms | ActiveRecord: 20.0ms)


Started GET "/abcs?page=2" for 127.0.0.1 at 2014-08-11 16:27:15 +0800
Processing by AbcsController#index as JS
  Parameters: {"page"=>"2"}
  [1m[35m (10.0ms)[0m  SELECT COUNT(*) FROM "abcs"
  Rendered e:/ux/ruby2/lib/ruby/gems/2.0.0/gems/active_scaffold-3.4.1/app/views/active_scaffold_overrides/_list_column_headings.html.erb (0.0ms)
  Rendered e:/ux/ruby2/lib/ruby/gems/2.0.0/gems/active_scaffold-3.4.1/app/views/active_scaffold_overrides/_messages.html.erb (0.0ms)
  Rendered e:/ux/ruby2/lib/ruby/gems/2.0.0/gems/active_scaffold-3.4.1/app/views/active_scaffold_overrides/_list_messages.html.erb (60.1ms)
  [1m[36mAbc Load (0.0ms)[0m  [1mSELECT  "abcs".* FROM "abcs"   ORDER BY "abcs"."id" ASC LIMIT 2 OFFSET 2[0m
  Rendered e:/ux/ruby2/lib/ruby/gems/2.0.0/gems/active_scaffold-3.4.1/app/views/active_scaffold_overrides/_list_record.html.erb (20.0ms)
  Rendered e:/ux/ruby2/lib/ruby/gems/2.0.0/gems/active_scaffold-3.4.1/app/views/active_scaffold_overrides/_list_pagination_links.html.erb (10.0ms)
  Rendered e:/ux/ruby2/lib/ruby/gems/2.0.0/gems/active_scaffold-3.4.1/app/views/active_scaffold_overrides/_list_pagination.html.erb (110.2ms)
  Rendered e:/ux/ruby2/lib/ruby/gems/2.0.0/gems/active_scaffold-3.4.1/app/views/active_scaffold_overrides/_list.html.erb (440.6ms)
  Rendered e:/ux/ruby2/lib/ruby/gems/2.0.0/gems/active_scaffold-3.4.1/app/views/active_scaffold_overrides/_refresh_list.js.erb (500.7ms)
Completed 200 OK in 581ms (Views: 550.8ms | ActiveRecord: 10.0ms)


Started GET "/abcs/new?adapter=_list_inline_adapter" for 127.0.0.1 at 2014-08-11 16:27:17 +0800
Processing by AbcsController#new as JS
  Parameters: {"adapter"=>"_list_inline_adapter"}
  Rendered e:/ux/ruby2/lib/ruby/gems/2.0.0/gems/active_scaffold-3.4.1/app/views/active_scaffold_overrides/_form_messages.html.erb (50.1ms)
  Rendered e:/ux/ruby2/lib/ruby/gems/2.0.0/gems/active_scaffold-3.4.1/app/views/active_scaffold_overrides/_form.html.erb (100.1ms)
  Rendered e:/ux/ruby2/lib/ruby/gems/2.0.0/gems/active_scaffold-3.4.1/app/views/active_scaffold_overrides/_base_form.html.erb (270.4ms)
  Rendered e:/ux/ruby2/lib/ruby/gems/2.0.0/gems/active_scaffold-3.4.1/app/views/active_scaffold_overrides/_create_form.html.erb (340.5ms)
  Rendered e:/ux/ruby2/lib/ruby/gems/2.0.0/gems/active_scaffold-3.4.1/app/views/active_scaffold_overrides/_messages.html.erb (0.0ms)
  Rendered e:/ux/ruby2/lib/ruby/gems/2.0.0/gems/active_scaffold-3.4.1/app/views/active_scaffold_overrides/_list_inline_adapter.html.erb (50.1ms)
Completed 200 OK in 531ms (Views: 130.2ms | ActiveRecord: 0.0ms)


Started POST "/abcs" for 127.0.0.1 at 2014-08-11 16:27:37 +0800
Processing by AbcsController#create as JS
  Parameters: {"utf8"=>"✓", "record"=>{"ab"=>"221", "cd"=>"221", "efg"=>"221"}, "commit"=>"Create"}
  [1m[35m (0.0ms)[0m  begin transaction
  [1m[36mSQL (10.0ms)[0m  [1mINSERT INTO "abcs" ("ab", "cd", "created_at", "efg", "updated_at") VALUES (?, ?, ?, ?, ?)[0m  [["ab", "221"], ["cd", 221], ["created_at", "2014-08-11 08:27:37.752337"], ["efg", "221"], ["updated_at", "2014-08-11 08:27:37.752337"]]
  [1m[35m (10.0ms)[0m  commit transaction
  Rendered e:/ux/ruby2/lib/ruby/gems/2.0.0/gems/active_scaffold-3.4.1/app/views/active_scaffold_overrides/_messages.html.erb (0.0ms)
  Rendered e:/ux/ruby2/lib/ruby/gems/2.0.0/gems/active_scaffold-3.4.1/app/views/active_scaffold_overrides/_list_record.html.erb (10.0ms)
  Rendered e:/ux/ruby2/lib/ruby/gems/2.0.0/gems/active_scaffold-3.4.1/app/views/active_scaffold_overrides/_update_calculations.js.erb (0.0ms)
  Rendered e:/ux/ruby2/lib/ruby/gems/2.0.0/gems/active_scaffold-3.4.1/app/views/active_scaffold_overrides/on_create.js.erb (280.4ms)
Completed 200 OK in 431ms (Views: 380.5ms | ActiveRecord: 20.0ms)


Started GET "/abcs" for 127.0.0.1 at 2014-08-11 16:27:44 +0800
Processing by AbcsController#index as HTML
  [1m[36m (0.0ms)[0m  [1mSELECT COUNT(*) FROM "abcs"[0m
  Rendered e:/ux/ruby2/lib/ruby/gems/2.0.0/gems/active_scaffold-3.4.1/app/views/active_scaffold_overrides/_list_header.html.erb (10.0ms)
  Rendered e:/ux/ruby2/lib/ruby/gems/2.0.0/gems/active_scaffold-3.4.1/app/views/active_scaffold_overrides/_list_column_headings.html.erb (0.0ms)
  Rendered e:/ux/ruby2/lib/ruby/gems/2.0.0/gems/active_scaffold-3.4.1/app/views/active_scaffold_overrides/_messages.html.erb (0.0ms)
  Rendered e:/ux/ruby2/lib/ruby/gems/2.0.0/gems/active_scaffold-3.4.1/app/views/active_scaffold_overrides/_list_messages.html.erb (40.1ms)
  [1m[35mAbc Load (0.0ms)[0m  SELECT  "abcs".* FROM "abcs"   ORDER BY "abcs"."id" ASC LIMIT 2 OFFSET 0
  Rendered e:/ux/ruby2/lib/ruby/gems/2.0.0/gems/active_scaffold-3.4.1/app/views/active_scaffold_overrides/_list_record.html.erb (10.0ms)
  Rendered e:/ux/ruby2/lib/ruby/gems/2.0.0/gems/active_scaffold-3.4.1/app/views/active_scaffold_overrides/_list_pagination_links.html.erb (0.0ms)
  Rendered e:/ux/ruby2/lib/ruby/gems/2.0.0/gems/active_scaffold-3.4.1/app/views/active_scaffold_overrides/_list_pagination.html.erb (40.1ms)
  Rendered e:/ux/ruby2/lib/ruby/gems/2.0.0/gems/active_scaffold-3.4.1/app/views/active_scaffold_overrides/_list.html.erb (270.4ms)
  Rendered e:/ux/ruby2/lib/ruby/gems/2.0.0/gems/active_scaffold-3.4.1/app/views/active_scaffold_overrides/_list_with_header.html.erb (380.5ms)
  Rendered e:/ux/ruby2/lib/ruby/gems/2.0.0/gems/active_scaffold-3.4.1/app/views/active_scaffold_overrides/list.html.erb within layouts/application (420.6ms)
Completed 200 OK in 541ms (Views: 530.8ms | ActiveRecord: 0.0ms)


Started GET "/abcs?page=2" for 127.0.0.1 at 2014-08-11 16:27:48 +0800
Processing by AbcsController#index as JS
  Parameters: {"page"=>"2"}
  [1m[36m (0.0ms)[0m  [1mSELECT COUNT(*) FROM "abcs"[0m
  Rendered e:/ux/ruby2/lib/ruby/gems/2.0.0/gems/active_scaffold-3.4.1/app/views/active_scaffold_overrides/_list_column_headings.html.erb (10.0ms)
  Rendered e:/ux/ruby2/lib/ruby/gems/2.0.0/gems/active_scaffold-3.4.1/app/views/active_scaffold_overrides/_messages.html.erb (0.0ms)
  Rendered e:/ux/ruby2/lib/ruby/gems/2.0.0/gems/active_scaffold-3.4.1/app/views/active_scaffold_overrides/_list_messages.html.erb (60.1ms)
  [1m[35mAbc Load (10.0ms)[0m  SELECT  "abcs".* FROM "abcs"   ORDER BY "abcs"."id" ASC LIMIT 2 OFFSET 2
  Rendered e:/ux/ruby2/lib/ruby/gems/2.0.0/gems/active_scaffold-3.4.1/app/views/active_scaffold_overrides/_list_record.html.erb (0.0ms)
  Rendered e:/ux/ruby2/lib/ruby/gems/2.0.0/gems/active_scaffold-3.4.1/app/views/active_scaffold_overrides/_list_pagination_links.html.erb (0.0ms)
  Rendered e:/ux/ruby2/lib/ruby/gems/2.0.0/gems/active_scaffold-3.4.1/app/views/active_scaffold_overrides/_list_pagination.html.erb (50.1ms)
  Rendered e:/ux/ruby2/lib/ruby/gems/2.0.0/gems/active_scaffold-3.4.1/app/views/active_scaffold_overrides/_list.html.erb (370.5ms)
  Rendered e:/ux/ruby2/lib/ruby/gems/2.0.0/gems/active_scaffold-3.4.1/app/views/active_scaffold_overrides/_refresh_list.js.erb (460.7ms)
Completed 200 OK in 511ms (Views: 490.7ms | ActiveRecord: 10.0ms)


Started GET "/abcs?page=3" for 127.0.0.1 at 2014-08-11 16:27:49 +0800
Processing by AbcsController#index as JS
  Parameters: {"page"=>"3"}
  [1m[36m (0.0ms)[0m  [1mSELECT COUNT(*) FROM "abcs"[0m
  Rendered e:/ux/ruby2/lib/ruby/gems/2.0.0/gems/active_scaffold-3.4.1/app/views/active_scaffold_overrides/_list_column_headings.html.erb (0.0ms)
  Rendered e:/ux/ruby2/lib/ruby/gems/2.0.0/gems/active_scaffold-3.4.1/app/views/active_scaffold_overrides/_messages.html.erb (0.0ms)
  Rendered e:/ux/ruby2/lib/ruby/gems/2.0.0/gems/active_scaffold-3.4.1/app/views/active_scaffold_overrides/_list_messages.html.erb (50.1ms)
  [1m[35mAbc Load (10.0ms)[0m  SELECT  "abcs".* FROM "abcs"   ORDER BY "abcs"."id" ASC LIMIT 2 OFFSET 4
  Rendered e:/ux/ruby2/lib/ruby/gems/2.0.0/gems/active_scaffold-3.4.1/app/views/active_scaffold_overrides/_list_record.html.erb (0.0ms)
  Rendered e:/ux/ruby2/lib/ruby/gems/2.0.0/gems/active_scaffold-3.4.1/app/views/active_scaffold_overrides/_list_pagination_links.html.erb (0.0ms)
  Rendered e:/ux/ruby2/lib/ruby/gems/2.0.0/gems/active_scaffold-3.4.1/app/views/active_scaffold_overrides/_list_pagination.html.erb (60.1ms)
  Rendered e:/ux/ruby2/lib/ruby/gems/2.0.0/gems/active_scaffold-3.4.1/app/views/active_scaffold_overrides/_list.html.erb (350.5ms)
  Rendered e:/ux/ruby2/lib/ruby/gems/2.0.0/gems/active_scaffold-3.4.1/app/views/active_scaffold_overrides/_refresh_list.js.erb (410.6ms)
Completed 200 OK in 461ms (Views: 440.6ms | ActiveRecord: 10.0ms)


Started GET "/abcs?page=2" for 127.0.0.1 at 2014-08-11 16:27:52 +0800
Processing by AbcsController#index as JS
  Parameters: {"page"=>"2"}
  [1m[36m (10.0ms)[0m  [1mSELECT COUNT(*) FROM "abcs"[0m
  Rendered e:/ux/ruby2/lib/ruby/gems/2.0.0/gems/active_scaffold-3.4.1/app/views/active_scaffold_overrides/_list_column_headings.html.erb (0.0ms)
  Rendered e:/ux/ruby2/lib/ruby/gems/2.0.0/gems/active_scaffold-3.4.1/app/views/active_scaffold_overrides/_messages.html.erb (0.0ms)
  Rendered e:/ux/ruby2/lib/ruby/gems/2.0.0/gems/active_scaffold-3.4.1/app/views/active_scaffold_overrides/_list_messages.html.erb (50.1ms)
  [1m[35mAbc Load (0.0ms)[0m  SELECT  "abcs".* FROM "abcs"   ORDER BY "abcs"."id" ASC LIMIT 2 OFFSET 2
  Rendered e:/ux/ruby2/lib/ruby/gems/2.0.0/gems/active_scaffold-3.4.1/app/views/active_scaffold_overrides/_list_record.html.erb (10.0ms)
  Rendered e:/ux/ruby2/lib/ruby/gems/2.0.0/gems/active_scaffold-3.4.1/app/views/active_scaffold_overrides/_list_pagination_links.html.erb (0.0ms)
  Rendered e:/ux/ruby2/lib/ruby/gems/2.0.0/gems/active_scaffold-3.4.1/app/views/active_scaffold_overrides/_list_pagination.html.erb (60.1ms)
  Rendered e:/ux/ruby2/lib/ruby/gems/2.0.0/gems/active_scaffold-3.4.1/app/views/active_scaffold_overrides/_list.html.erb (400.6ms)
  Rendered e:/ux/ruby2/lib/ruby/gems/2.0.0/gems/active_scaffold-3.4.1/app/views/active_scaffold_overrides/_refresh_list.js.erb (490.7ms)
Completed 200 OK in 541ms (Views: 530.8ms | ActiveRecord: 10.0ms)


Started GET "/abcs?page=1" for 127.0.0.1 at 2014-08-11 16:27:54 +0800
Processing by AbcsController#index as JS
  Parameters: {"page"=>"1"}
  [1m[36m (0.0ms)[0m  [1mSELECT COUNT(*) FROM "abcs"[0m
  Rendered e:/ux/ruby2/lib/ruby/gems/2.0.0/gems/active_scaffold-3.4.1/app/views/active_scaffold_overrides/_list_column_headings.html.erb (10.0ms)
  Rendered e:/ux/ruby2/lib/ruby/gems/2.0.0/gems/active_scaffold-3.4.1/app/views/active_scaffold_overrides/_messages.html.erb (0.0ms)
  Rendered e:/ux/ruby2/lib/ruby/gems/2.0.0/gems/active_scaffold-3.4.1/app/views/active_scaffold_overrides/_list_messages.html.erb (60.1ms)
  [1m[35mAbc Load (10.0ms)[0m  SELECT  "abcs".* FROM "abcs"   ORDER BY "abcs"."id" ASC LIMIT 2 OFFSET 0
  Rendered e:/ux/ruby2/lib/ruby/gems/2.0.0/gems/active_scaffold-3.4.1/app/views/active_scaffold_overrides/_list_record.html.erb (10.0ms)
  Rendered e:/ux/ruby2/lib/ruby/gems/2.0.0/gems/active_scaffold-3.4.1/app/views/active_scaffold_overrides/_list_pagination_links.html.erb (0.0ms)
  Rendered e:/ux/ruby2/lib/ruby/gems/2.0.0/gems/active_scaffold-3.4.1/app/views/active_scaffold_overrides/_list_pagination.html.erb (60.1ms)
  Rendered e:/ux/ruby2/lib/ruby/gems/2.0.0/gems/active_scaffold-3.4.1/app/views/active_scaffold_overrides/_list.html.erb (360.5ms)
  Rendered e:/ux/ruby2/lib/ruby/gems/2.0.0/gems/active_scaffold-3.4.1/app/views/active_scaffold_overrides/_refresh_list.js.erb (410.6ms)
Completed 200 OK in 471ms (Views: 450.6ms | ActiveRecord: 10.0ms)


Started GET "/abcs/show_search?adapter=_list_inline_adapter" for 127.0.0.1 at 2014-08-11 16:28:07 +0800
Processing by AbcsController#show_search as JS
  Parameters: {"adapter"=>"_list_inline_adapter"}
  Rendered e:/ux/ruby2/lib/ruby/gems/2.0.0/gems/active_scaffold-3.4.1/app/views/active_scaffold_overrides/_search.html.erb (0.0ms)
  Rendered e:/ux/ruby2/lib/ruby/gems/2.0.0/gems/active_scaffold-3.4.1/app/views/active_scaffold_overrides/_messages.html.erb (0.0ms)
  Rendered e:/ux/ruby2/lib/ruby/gems/2.0.0/gems/active_scaffold-3.4.1/app/views/active_scaffold_overrides/_list_inline_adapter.html.erb (90.1ms)
Completed 200 OK in 220ms (Views: 150.2ms | ActiveRecord: 0.0ms)


Started GET "/abcs?utf8=%E2%9C%93&search=11&commit=Search" for 127.0.0.1 at 2014-08-11 16:28:09 +0800
Processing by AbcsController#index as JS
  Parameters: {"utf8"=>"✓", "search"=>"11", "commit"=>"Search"}
  [1m[36m (0.0ms)[0m  [1mSELECT COUNT(*) FROM "abcs"  WHERE ("abcs"."ab" LIKE '%11%' OR "abcs"."efg" LIKE '%11%')[0m
  Rendered e:/ux/ruby2/lib/ruby/gems/2.0.0/gems/active_scaffold-3.4.1/app/views/active_scaffold_overrides/_list_column_headings.html.erb (0.0ms)
  Rendered e:/ux/ruby2/lib/ruby/gems/2.0.0/gems/active_scaffold-3.4.1/app/views/active_scaffold_overrides/_messages.html.erb (0.0ms)
  Rendered e:/ux/ruby2/lib/ruby/gems/2.0.0/gems/active_scaffold-3.4.1/app/views/active_scaffold_overrides/_list_messages.html.erb (50.1ms)
  [1m[35mAbc Load (0.0ms)[0m  SELECT  "abcs".* FROM "abcs"  WHERE ("abcs"."ab" LIKE '%11%' OR "abcs"."efg" LIKE '%11%')  ORDER BY "abcs"."id" ASC LIMIT 2 OFFSET 0
  Rendered e:/ux/ruby2/lib/ruby/gems/2.0.0/gems/active_scaffold-3.4.1/app/views/active_scaffold_overrides/_list_record.html.erb (10.0ms)
  Rendered e:/ux/ruby2/lib/ruby/gems/2.0.0/gems/active_scaffold-3.4.1/app/views/active_scaffold_overrides/_list_pagination_links.html.erb (0.0ms)
  Rendered e:/ux/ruby2/lib/ruby/gems/2.0.0/gems/active_scaffold-3.4.1/app/views/active_scaffold_overrides/_list_pagination.html.erb (60.1ms)
  Rendered e:/ux/ruby2/lib/ruby/gems/2.0.0/gems/active_scaffold-3.4.1/app/views/active_scaffold_overrides/_list.html.erb (400.6ms)
  Rendered e:/ux/ruby2/lib/ruby/gems/2.0.0/gems/active_scaffold-3.4.1/app/views/active_scaffold_overrides/_refresh_list.js.erb (460.7ms)
Completed 200 OK in 511ms (Views: 500.7ms | ActiveRecord: 0.0ms)


Started GET "/abcs?page=2&utf8=%E2%9C%93" for 127.0.0.1 at 2014-08-11 16:28:11 +0800
Processing by AbcsController#index as JS
  Parameters: {"page"=>"2", "utf8"=>"✓"}
  [1m[36m (10.0ms)[0m  [1mSELECT COUNT(*) FROM "abcs"[0m
  Rendered e:/ux/ruby2/lib/ruby/gems/2.0.0/gems/active_scaffold-3.4.1/app/views/active_scaffold_overrides/_list_column_headings.html.erb (10.0ms)
  Rendered e:/ux/ruby2/lib/ruby/gems/2.0.0/gems/active_scaffold-3.4.1/app/views/active_scaffold_overrides/_messages.html.erb (0.0ms)
  Rendered e:/ux/ruby2/lib/ruby/gems/2.0.0/gems/active_scaffold-3.4.1/app/views/active_scaffold_overrides/_list_messages.html.erb (60.1ms)
  [1m[35mAbc Load (0.0ms)[0m  SELECT  "abcs".* FROM "abcs"   ORDER BY "abcs"."id" ASC LIMIT 2 OFFSET 2
  Rendered e:/ux/ruby2/lib/ruby/gems/2.0.0/gems/active_scaffold-3.4.1/app/views/active_scaffold_overrides/_list_record.html.erb (10.0ms)
  Rendered e:/ux/ruby2/lib/ruby/gems/2.0.0/gems/active_scaffold-3.4.1/app/views/active_scaffold_overrides/_list_pagination_links.html.erb (10.0ms)
  Rendered e:/ux/ruby2/lib/ruby/gems/2.0.0/gems/active_scaffold-3.4.1/app/views/active_scaffold_overrides/_list_pagination.html.erb (50.1ms)
  Rendered e:/ux/ruby2/lib/ruby/gems/2.0.0/gems/active_scaffold-3.4.1/app/views/active_scaffold_overrides/_list.html.erb (390.6ms)
  Rendered e:/ux/ruby2/lib/ruby/gems/2.0.0/gems/active_scaffold-3.4.1/app/views/active_scaffold_overrides/_refresh_list.js.erb (490.7ms)
Completed 200 OK in 551ms (Views: 540.8ms | ActiveRecord: 10.0ms)


Started GET "/abcs?page=3&utf8=%E2%9C%93" for 127.0.0.1 at 2014-08-11 16:28:14 +0800
Processing by AbcsController#index as JS
  Parameters: {"page"=>"3", "utf8"=>"✓"}
  [1m[36m (0.0ms)[0m  [1mSELECT COUNT(*) FROM "abcs"[0m
  Rendered e:/ux/ruby2/lib/ruby/gems/2.0.0/gems/active_scaffold-3.4.1/app/views/active_scaffold_overrides/_list_column_headings.html.erb (0.0ms)
  Rendered e:/ux/ruby2/lib/ruby/gems/2.0.0/gems/active_scaffold-3.4.1/app/views/active_scaffold_overrides/_messages.html.erb (0.0ms)
  Rendered e:/ux/ruby2/lib/ruby/gems/2.0.0/gems/active_scaffold-3.4.1/app/views/active_scaffold_overrides/_list_messages.html.erb (50.1ms)
  [1m[35mAbc Load (10.0ms)[0m  SELECT  "abcs".* FROM "abcs"   ORDER BY "abcs"."id" ASC LIMIT 2 OFFSET 4
  Rendered e:/ux/ruby2/lib/ruby/gems/2.0.0/gems/active_scaffold-3.4.1/app/views/active_scaffold_overrides/_list_record.html.erb (0.0ms)
  Rendered e:/ux/ruby2/lib/ruby/gems/2.0.0/gems/active_scaffold-3.4.1/app/views/active_scaffold_overrides/_list_pagination_links.html.erb (0.0ms)
  Rendered e:/ux/ruby2/lib/ruby/gems/2.0.0/gems/active_scaffold-3.4.1/app/views/active_scaffold_overrides/_list_pagination.html.erb (50.1ms)
  Rendered e:/ux/ruby2/lib/ruby/gems/2.0.0/gems/active_scaffold-3.4.1/app/views/active_scaffold_overrides/_list.html.erb (340.5ms)
  Rendered e:/ux/ruby2/lib/ruby/gems/2.0.0/gems/active_scaffold-3.4.1/app/views/active_scaffold_overrides/_refresh_list.js.erb (400.6ms)
Completed 200 OK in 461ms (Views: 440.6ms | ActiveRecord: 10.0ms)


Started GET "/abcs?page=2&utf8=%E2%9C%93" for 127.0.0.1 at 2014-08-11 16:28:16 +0800
Processing by AbcsController#index as JS
  Parameters: {"page"=>"2", "utf8"=>"✓"}
  [1m[36m (10.0ms)[0m  [1mSELECT COUNT(*) FROM "abcs"[0m
  Rendered e:/ux/ruby2/lib/ruby/gems/2.0.0/gems/active_scaffold-3.4.1/app/views/active_scaffold_overrides/_list_column_headings.html.erb (10.0ms)
  Rendered e:/ux/ruby2/lib/ruby/gems/2.0.0/gems/active_scaffold-3.4.1/app/views/active_scaffold_overrides/_messages.html.erb (0.0ms)
  Rendered e:/ux/ruby2/lib/ruby/gems/2.0.0/gems/active_scaffold-3.4.1/app/views/active_scaffold_overrides/_list_messages.html.erb (50.1ms)
  [1m[35mAbc Load (0.0ms)[0m  SELECT  "abcs".* FROM "abcs"   ORDER BY "abcs"."id" ASC LIMIT 2 OFFSET 2
  Rendered e:/ux/ruby2/lib/ruby/gems/2.0.0/gems/active_scaffold-3.4.1/app/views/active_scaffold_overrides/_list_record.html.erb (10.0ms)
  Rendered e:/ux/ruby2/lib/ruby/gems/2.0.0/gems/active_scaffold-3.4.1/app/views/active_scaffold_overrides/_list_pagination_links.html.erb (10.0ms)
  Rendered e:/ux/ruby2/lib/ruby/gems/2.0.0/gems/active_scaffold-3.4.1/app/views/active_scaffold_overrides/_list_pagination.html.erb (60.1ms)
  Rendered e:/ux/ruby2/lib/ruby/gems/2.0.0/gems/active_scaffold-3.4.1/app/views/active_scaffold_overrides/_list.html.erb (350.5ms)
  Rendered e:/ux/ruby2/lib/ruby/gems/2.0.0/gems/active_scaffold-3.4.1/app/views/active_scaffold_overrides/_refresh_list.js.erb (440.6ms)
Completed 200 OK in 491ms (Views: 480.7ms | ActiveRecord: 10.0ms)


Started GET "/abcs?page=1&utf8=%E2%9C%93" for 127.0.0.1 at 2014-08-11 16:28:19 +0800
Processing by AbcsController#index as JS
  Parameters: {"page"=>"1", "utf8"=>"✓"}
  [1m[36m (0.0ms)[0m  [1mSELECT COUNT(*) FROM "abcs"[0m
  Rendered e:/ux/ruby2/lib/ruby/gems/2.0.0/gems/active_scaffold-3.4.1/app/views/active_scaffold_overrides/_list_column_headings.html.erb (40.1ms)
  Rendered e:/ux/ruby2/lib/ruby/gems/2.0.0/gems/active_scaffold-3.4.1/app/views/active_scaffold_overrides/_messages.html.erb (0.0ms)
  Rendered e:/ux/ruby2/lib/ruby/gems/2.0.0/gems/active_scaffold-3.4.1/app/views/active_scaffold_overrides/_list_messages.html.erb (60.1ms)
  [1m[35mAbc Load (10.0ms)[0m  SELECT  "abcs".* FROM "abcs"   ORDER BY "abcs"."id" ASC LIMIT 2 OFFSET 0
  Rendered e:/ux/ruby2/lib/ruby/gems/2.0.0/gems/active_scaffold-3.4.1/app/views/active_scaffold_overrides/_list_record.html.erb (0.0ms)
  Rendered e:/ux/ruby2/lib/ruby/gems/2.0.0/gems/active_scaffold-3.4.1/app/views/active_scaffold_overrides/_list_pagination_links.html.erb (0.0ms)
  Rendered e:/ux/ruby2/lib/ruby/gems/2.0.0/gems/active_scaffold-3.4.1/app/views/active_scaffold_overrides/_list_pagination.html.erb (50.1ms)
  Rendered e:/ux/ruby2/lib/ruby/gems/2.0.0/gems/active_scaffold-3.4.1/app/views/active_scaffold_overrides/_list.html.erb (400.6ms)
  Rendered e:/ux/ruby2/lib/ruby/gems/2.0.0/gems/active_scaffold-3.4.1/app/views/active_scaffold_overrides/_refresh_list.js.erb (450.6ms)
Completed 200 OK in 501ms (Views: 480.7ms | ActiveRecord: 10.0ms)


Started GET "/abcs?utf8=%E2%9C%93&search=11&commit=Search" for 127.0.0.1 at 2014-08-11 16:28:34 +0800
Processing by AbcsController#index as JS
  Parameters: {"utf8"=>"✓", "search"=>"11", "commit"=>"Search"}
  [1m[36m (0.0ms)[0m  [1mSELECT COUNT(*) FROM "abcs"  WHERE ("abcs"."ab" LIKE '%11%' OR "abcs"."efg" LIKE '%11%')[0m
  Rendered e:/ux/ruby2/lib/ruby/gems/2.0.0/gems/active_scaffold-3.4.1/app/views/active_scaffold_overrides/_list_column_headings.html.erb (0.0ms)
  Rendered e:/ux/ruby2/lib/ruby/gems/2.0.0/gems/active_scaffold-3.4.1/app/views/active_scaffold_overrides/_messages.html.erb (0.0ms)
  Rendered e:/ux/ruby2/lib/ruby/gems/2.0.0/gems/active_scaffold-3.4.1/app/views/active_scaffold_overrides/_list_messages.html.erb (60.1ms)
  [1m[35mAbc Load (10.0ms)[0m  SELECT  "abcs".* FROM "abcs"  WHERE ("abcs"."ab" LIKE '%11%' OR "abcs"."efg" LIKE '%11%')  ORDER BY "abcs"."id" ASC LIMIT 2 OFFSET 0
  Rendered e:/ux/ruby2/lib/ruby/gems/2.0.0/gems/active_scaffold-3.4.1/app/views/active_scaffold_overrides/_list_record.html.erb (10.0ms)
  Rendered e:/ux/ruby2/lib/ruby/gems/2.0.0/gems/active_scaffold-3.4.1/app/views/active_scaffold_overrides/_list_pagination_links.html.erb (0.0ms)
  Rendered e:/ux/ruby2/lib/ruby/gems/2.0.0/gems/active_scaffold-3.4.1/app/views/active_scaffold_overrides/_list_pagination.html.erb (50.1ms)
  Rendered e:/ux/ruby2/lib/ruby/gems/2.0.0/gems/active_scaffold-3.4.1/app/views/active_scaffold_overrides/_list.html.erb (350.5ms)
  Rendered e:/ux/ruby2/lib/ruby/gems/2.0.0/gems/active_scaffold-3.4.1/app/views/active_scaffold_overrides/_refresh_list.js.erb (410.6ms)
Completed 200 OK in 461ms (Views: 440.6ms | ActiveRecord: 10.0ms)


Started GET "/abcs?search=" for 127.0.0.1 at 2014-08-11 16:28:37 +0800
Processing by AbcsController#index as JS
  Parameters: {"search"=>""}
  [1m[36m (10.0ms)[0m  [1mSELECT COUNT(*) FROM "abcs"[0m
  Rendered e:/ux/ruby2/lib/ruby/gems/2.0.0/gems/active_scaffold-3.4.1/app/views/active_scaffold_overrides/_list_column_headings.html.erb (0.0ms)
  Rendered e:/ux/ruby2/lib/ruby/gems/2.0.0/gems/active_scaffold-3.4.1/app/views/active_scaffold_overrides/_messages.html.erb (0.0ms)
  Rendered e:/ux/ruby2/lib/ruby/gems/2.0.0/gems/active_scaffold-3.4.1/app/views/active_scaffold_overrides/_list_messages.html.erb (100.1ms)
  [1m[35mAbc Load (10.0ms)[0m  SELECT  "abcs".* FROM "abcs"   ORDER BY "abcs"."id" ASC LIMIT 2 OFFSET 0
  Rendered e:/ux/ruby2/lib/ruby/gems/2.0.0/gems/active_scaffold-3.4.1/app/views/active_scaffold_overrides/_list_record.html.erb (10.0ms)
  Rendered e:/ux/ruby2/lib/ruby/gems/2.0.0/gems/active_scaffold-3.4.1/app/views/active_scaffold_overrides/_list_pagination_links.html.erb (0.0ms)
  Rendered e:/ux/ruby2/lib/ruby/gems/2.0.0/gems/active_scaffold-3.4.1/app/views/active_scaffold_overrides/_list_pagination.html.erb (60.1ms)
  Rendered e:/ux/ruby2/lib/ruby/gems/2.0.0/gems/active_scaffold-3.4.1/app/views/active_scaffold_overrides/_list.html.erb (520.7ms)
  Rendered e:/ux/ruby2/lib/ruby/gems/2.0.0/gems/active_scaffold-3.4.1/app/views/active_scaffold_overrides/_refresh_list.js.erb (570.8ms)
Completed 200 OK in 621ms (Views: 600.9ms | ActiveRecord: 20.0ms)


Started GET "/abcs" for 127.0.0.1 at 2014-08-11 16:28:46 +0800
Processing by AbcsController#index as HTML
  [1m[36m (0.0ms)[0m  [1mSELECT COUNT(*) FROM "abcs"[0m
  Rendered e:/ux/ruby2/lib/ruby/gems/2.0.0/gems/active_scaffold-3.4.1/app/views/active_scaffold_overrides/_list_header.html.erb (0.0ms)
  Rendered e:/ux/ruby2/lib/ruby/gems/2.0.0/gems/active_scaffold-3.4.1/app/views/active_scaffold_overrides/_list_column_headings.html.erb (44.1ms)
  Rendered e:/ux/ruby2/lib/ruby/gems/2.0.0/gems/active_scaffold-3.4.1/app/views/active_scaffold_overrides/_messages.html.erb (0.0ms)
  Rendered e:/ux/ruby2/lib/ruby/gems/2.0.0/gems/active_scaffold-3.4.1/app/views/active_scaffold_overrides/_list_messages.html.erb (44.1ms)
  [1m[35mAbc Load (11.0ms)[0m  SELECT  "abcs".* FROM "abcs"   ORDER BY "abcs"."id" ASC LIMIT 2 OFFSET 0
  Rendered e:/ux/ruby2/lib/ruby/gems/2.0.0/gems/active_scaffold-3.4.1/app/views/active_scaffold_overrides/_list_record.html.erb (11.0ms)
  Rendered e:/ux/ruby2/lib/ruby/gems/2.0.0/gems/active_scaffold-3.4.1/app/views/active_scaffold_overrides/_list_pagination_links.html.erb (0.0ms)
  Rendered e:/ux/ruby2/lib/ruby/gems/2.0.0/gems/active_scaffold-3.4.1/app/views/active_scaffold_overrides/_list_pagination.html.erb (44.1ms)
  Rendered e:/ux/ruby2/lib/ruby/gems/2.0.0/gems/active_scaffold-3.4.1/app/views/active_scaffold_overrides/_list.html.erb (341.5ms)
  Rendered e:/ux/ruby2/lib/ruby/gems/2.0.0/gems/active_scaffold-3.4.1/app/views/active_scaffold_overrides/_list_with_header.html.erb (451.6ms)
  Rendered e:/ux/ruby2/lib/ruby/gems/2.0.0/gems/active_scaffold-3.4.1/app/views/active_scaffold_overrides/list.html.erb within layouts/application (495.7ms)
Completed 200 OK in 628ms (Views: 594.9ms | ActiveRecord: 11.0ms)


Started GET "/abcs?page=2" for 127.0.0.1 at 2014-08-11 16:28:51 +0800
Processing by AbcsController#index as JS
  Parameters: {"page"=>"2"}
  [1m[36m (0.0ms)[0m  [1mSELECT COUNT(*) FROM "abcs"[0m
  Rendered e:/ux/ruby2/lib/ruby/gems/2.0.0/gems/active_scaffold-3.4.1/app/views/active_scaffold_overrides/_list_column_headings.html.erb (11.0ms)
  Rendered e:/ux/ruby2/lib/ruby/gems/2.0.0/gems/active_scaffold-3.4.1/app/views/active_scaffold_overrides/_messages.html.erb (0.0ms)
  Rendered e:/ux/ruby2/lib/ruby/gems/2.0.0/gems/active_scaffold-3.4.1/app/views/active_scaffold_overrides/_list_messages.html.erb (55.1ms)
  [1m[35mAbc Load (11.0ms)[0m  SELECT  "abcs".* FROM "abcs"   ORDER BY "abcs"."id" ASC LIMIT 2 OFFSET 2
  Rendered e:/ux/ruby2/lib/ruby/gems/2.0.0/gems/active_scaffold-3.4.1/app/views/active_scaffold_overrides/_list_record.html.erb (11.0ms)
  Rendered e:/ux/ruby2/lib/ruby/gems/2.0.0/gems/active_scaffold-3.4.1/app/views/active_scaffold_overrides/_list_pagination_links.html.erb (0.0ms)
  Rendered e:/ux/ruby2/lib/ruby/gems/2.0.0/gems/active_scaffold-3.4.1/app/views/active_scaffold_overrides/_list_pagination.html.erb (55.1ms)
  Rendered e:/ux/ruby2/lib/ruby/gems/2.0.0/gems/active_scaffold-3.4.1/app/views/active_scaffold_overrides/_list.html.erb (396.6ms)
  Rendered e:/ux/ruby2/lib/ruby/gems/2.0.0/gems/active_scaffold-3.4.1/app/views/active_scaffold_overrides/_refresh_list.js.erb (451.6ms)
Completed 200 OK in 518ms (Views: 495.7ms | ActiveRecord: 11.0ms)


Started GET "/abcs?page=3" for 127.0.0.1 at 2014-08-11 16:28:53 +0800
Processing by AbcsController#index as JS
  Parameters: {"page"=>"3"}
  [1m[36m (9.9ms)[0m  [1mSELECT COUNT(*) FROM "abcs"[0m
  Rendered e:/ux/ruby2/lib/ruby/gems/2.0.0/gems/active_scaffold-3.4.1/app/views/active_scaffold_overrides/_list_column_headings.html.erb (9.9ms)
  Rendered e:/ux/ruby2/lib/ruby/gems/2.0.0/gems/active_scaffold-3.4.1/app/views/active_scaffold_overrides/_messages.html.erb (0.0ms)
  Rendered e:/ux/ruby2/lib/ruby/gems/2.0.0/gems/active_scaffold-3.4.1/app/views/active_scaffold_overrides/_list_messages.html.erb (89.2ms)
  [1m[35mAbc Load (0.0ms)[0m  SELECT  "abcs".* FROM "abcs"   ORDER BY "abcs"."id" ASC LIMIT 2 OFFSET 4
  Rendered e:/ux/ruby2/lib/ruby/gems/2.0.0/gems/active_scaffold-3.4.1/app/views/active_scaffold_overrides/_list_record.html.erb (0.0ms)
  Rendered e:/ux/ruby2/lib/ruby/gems/2.0.0/gems/active_scaffold-3.4.1/app/views/active_scaffold_overrides/_list_pagination_links.html.erb (0.0ms)
  Rendered e:/ux/ruby2/lib/ruby/gems/2.0.0/gems/active_scaffold-3.4.1/app/views/active_scaffold_overrides/_list_pagination.html.erb (49.6ms)
  Rendered e:/ux/ruby2/lib/ruby/gems/2.0.0/gems/active_scaffold-3.4.1/app/views/active_scaffold_overrides/_list.html.erb (436.2ms)
  Rendered e:/ux/ruby2/lib/ruby/gems/2.0.0/gems/active_scaffold-3.4.1/app/views/active_scaffold_overrides/_refresh_list.js.erb (485.8ms)
Completed 200 OK in 535ms (Views: 525.5ms | ActiveRecord: 9.9ms)


Started GET "/abcs/show_search?adapter=_list_inline_adapter" for 127.0.0.1 at 2014-08-11 16:28:56 +0800
Processing by AbcsController#show_search as JS
  Parameters: {"adapter"=>"_list_inline_adapter"}
  Rendered e:/ux/ruby2/lib/ruby/gems/2.0.0/gems/active_scaffold-3.4.1/app/views/active_scaffold_overrides/_search.html.erb (0.0ms)
  Rendered e:/ux/ruby2/lib/ruby/gems/2.0.0/gems/active_scaffold-3.4.1/app/views/active_scaffold_overrides/_messages.html.erb (0.0ms)
  Rendered e:/ux/ruby2/lib/ruby/gems/2.0.0/gems/active_scaffold-3.4.1/app/views/active_scaffold_overrides/_list_inline_adapter.html.erb (59.5ms)
Completed 200 OK in 188ms (Views: 128.9ms | ActiveRecord: 0.0ms)


Started GET "/abcs?utf8=%E2%9C%93&search=11" for 127.0.0.1 at 2014-08-11 16:28:58 +0800
Processing by AbcsController#index as JS
  Parameters: {"utf8"=>"✓", "search"=>"11"}
  [1m[36m (9.9ms)[0m  [1mSELECT COUNT(*) FROM "abcs"  WHERE ("abcs"."ab" LIKE '%11%' OR "abcs"."efg" LIKE '%11%')[0m
  Rendered e:/ux/ruby2/lib/ruby/gems/2.0.0/gems/active_scaffold-3.4.1/app/views/active_scaffold_overrides/_list_column_headings.html.erb (0.0ms)
  Rendered e:/ux/ruby2/lib/ruby/gems/2.0.0/gems/active_scaffold-3.4.1/app/views/active_scaffold_overrides/_messages.html.erb (0.0ms)
  Rendered e:/ux/ruby2/lib/ruby/gems/2.0.0/gems/active_scaffold-3.4.1/app/views/active_scaffold_overrides/_list_messages.html.erb (49.6ms)
  [1m[35mAbc Load (0.0ms)[0m  SELECT  "abcs".* FROM "abcs"  WHERE ("abcs"."ab" LIKE '%11%' OR "abcs"."efg" LIKE '%11%')  ORDER BY "abcs"."id" ASC LIMIT 2 OFFSET 0
  Rendered e:/ux/ruby2/lib/ruby/gems/2.0.0/gems/active_scaffold-3.4.1/app/views/active_scaffold_overrides/_list_record.html.erb (9.9ms)
  Rendered e:/ux/ruby2/lib/ruby/gems/2.0.0/gems/active_scaffold-3.4.1/app/views/active_scaffold_overrides/_list_pagination_links.html.erb (0.0ms)
  Rendered e:/ux/ruby2/lib/ruby/gems/2.0.0/gems/active_scaffold-3.4.1/app/views/active_scaffold_overrides/_list_pagination.html.erb (59.5ms)
  Rendered e:/ux/ruby2/lib/ruby/gems/2.0.0/gems/active_scaffold-3.4.1/app/views/active_scaffold_overrides/_list.html.erb (446.1ms)
  Rendered e:/ux/ruby2/lib/ruby/gems/2.0.0/gems/active_scaffold-3.4.1/app/views/active_scaffold_overrides/_refresh_list.js.erb (505.6ms)
Completed 200 OK in 555ms (Views: 545.3ms | ActiveRecord: 9.9ms)


Started GET "/abcs?page=2&utf8=%E2%9C%93" for 127.0.0.1 at 2014-08-11 16:29:00 +0800
Processing by AbcsController#index as JS
  Parameters: {"page"=>"2", "utf8"=>"✓"}
  [1m[36m (0.0ms)[0m  [1mSELECT COUNT(*) FROM "abcs"[0m
  Rendered e:/ux/ruby2/lib/ruby/gems/2.0.0/gems/active_scaffold-3.4.1/app/views/active_scaffold_overrides/_list_column_headings.html.erb (9.9ms)
  Rendered e:/ux/ruby2/lib/ruby/gems/2.0.0/gems/active_scaffold-3.4.1/app/views/active_scaffold_overrides/_messages.html.erb (0.0ms)
  Rendered e:/ux/ruby2/lib/ruby/gems/2.0.0/gems/active_scaffold-3.4.1/app/views/active_scaffold_overrides/_list_messages.html.erb (59.5ms)
  [1m[35mAbc Load (0.0ms)[0m  SELECT  "abcs".* FROM "abcs"   ORDER BY "abcs"."id" ASC LIMIT 2 OFFSET 2
  Rendered e:/ux/ruby2/lib/ruby/gems/2.0.0/gems/active_scaffold-3.4.1/app/views/active_scaffold_overrides/_list_record.html.erb (9.9ms)
  Rendered e:/ux/ruby2/lib/ruby/gems/2.0.0/gems/active_scaffold-3.4.1/app/views/active_scaffold_overrides/_list_pagination_links.html.erb (0.0ms)
  Rendered e:/ux/ruby2/lib/ruby/gems/2.0.0/gems/active_scaffold-3.4.1/app/views/active_scaffold_overrides/_list_pagination.html.erb (89.2ms)
  Rendered e:/ux/ruby2/lib/ruby/gems/2.0.0/gems/active_scaffold-3.4.1/app/views/active_scaffold_overrides/_list.html.erb (436.2ms)
  Rendered e:/ux/ruby2/lib/ruby/gems/2.0.0/gems/active_scaffold-3.4.1/app/views/active_scaffold_overrides/_refresh_list.js.erb (485.8ms)
Completed 200 OK in 525ms (Views: 525.5ms | ActiveRecord: 0.0ms)


Started GET "/abcs?page=3&utf8=%E2%9C%93" for 127.0.0.1 at 2014-08-11 16:29:04 +0800
Processing by AbcsController#index as JS
  Parameters: {"page"=>"3", "utf8"=>"✓"}
  [1m[36m (0.0ms)[0m  [1mSELECT COUNT(*) FROM "abcs"[0m
  Rendered e:/ux/ruby2/lib/ruby/gems/2.0.0/gems/active_scaffold-3.4.1/app/views/active_scaffold_overrides/_list_column_headings.html.erb (8.9ms)
  Rendered e:/ux/ruby2/lib/ruby/gems/2.0.0/gems/active_scaffold-3.4.1/app/views/active_scaffold_overrides/_messages.html.erb (0.0ms)
  Rendered e:/ux/ruby2/lib/ruby/gems/2.0.0/gems/active_scaffold-3.4.1/app/views/active_scaffold_overrides/_list_messages.html.erb (44.6ms)
  [1m[35mAbc Load (0.0ms)[0m  SELECT  "abcs".* FROM "abcs"   ORDER BY "abcs"."id" ASC LIMIT 2 OFFSET 4
  Rendered e:/ux/ruby2/lib/ruby/gems/2.0.0/gems/active_scaffold-3.4.1/app/views/active_scaffold_overrides/_list_record.html.erb (0.0ms)
  Rendered e:/ux/ruby2/lib/ruby/gems/2.0.0/gems/active_scaffold-3.4.1/app/views/active_scaffold_overrides/_list_pagination_links.html.erb (0.0ms)
  Rendered e:/ux/ruby2/lib/ruby/gems/2.0.0/gems/active_scaffold-3.4.1/app/views/active_scaffold_overrides/_list_pagination.html.erb (44.6ms)
  Rendered e:/ux/ruby2/lib/ruby/gems/2.0.0/gems/active_scaffold-3.4.1/app/views/active_scaffold_overrides/_list.html.erb (339.1ms)
  Rendered e:/ux/ruby2/lib/ruby/gems/2.0.0/gems/active_scaffold-3.4.1/app/views/active_scaffold_overrides/_refresh_list.js.erb (392.6ms)
Completed 200 OK in 437ms (Views: 428.3ms | ActiveRecord: 0.0ms)


Started GET "/abcs?search=" for 127.0.0.1 at 2014-08-11 16:29:20 +0800
Processing by AbcsController#index as JS
  Parameters: {"search"=>""}
  [1m[36m (0.0ms)[0m  [1mSELECT COUNT(*) FROM "abcs"[0m
  Rendered e:/ux/ruby2/lib/ruby/gems/2.0.0/gems/active_scaffold-3.4.1/app/views/active_scaffold_overrides/_list_column_headings.html.erb (9.8ms)
  Rendered e:/ux/ruby2/lib/ruby/gems/2.0.0/gems/active_scaffold-3.4.1/app/views/active_scaffold_overrides/_messages.html.erb (0.0ms)
  Rendered e:/ux/ruby2/lib/ruby/gems/2.0.0/gems/active_scaffold-3.4.1/app/views/active_scaffold_overrides/_list_messages.html.erb (58.9ms)
  [1m[35mAbc Load (0.0ms)[0m  SELECT  "abcs".* FROM "abcs"   ORDER BY "abcs"."id" ASC LIMIT 2 OFFSET 0
  Rendered e:/ux/ruby2/lib/ruby/gems/2.0.0/gems/active_scaffold-3.4.1/app/views/active_scaffold_overrides/_list_record.html.erb (9.8ms)
  Rendered e:/ux/ruby2/lib/ruby/gems/2.0.0/gems/active_scaffold-3.4.1/app/views/active_scaffold_overrides/_list_pagination_links.html.erb (0.0ms)
  Rendered e:/ux/ruby2/lib/ruby/gems/2.0.0/gems/active_scaffold-3.4.1/app/views/active_scaffold_overrides/_list_pagination.html.erb (58.9ms)
  Rendered e:/ux/ruby2/lib/ruby/gems/2.0.0/gems/active_scaffold-3.4.1/app/views/active_scaffold_overrides/_list.html.erb (402.4ms)
  Rendered e:/ux/ruby2/lib/ruby/gems/2.0.0/gems/active_scaffold-3.4.1/app/views/active_scaffold_overrides/_refresh_list.js.erb (461.3ms)
Completed 200 OK in 501ms (Views: 490.8ms | ActiveRecord: 0.0ms)


Started GET "/abcs/show_search?adapter=_list_inline_adapter" for 127.0.0.1 at 2014-08-11 16:29:24 +0800
Processing by AbcsController#show_search as JS
  Parameters: {"adapter"=>"_list_inline_adapter"}
  Rendered e:/ux/ruby2/lib/ruby/gems/2.0.0/gems/active_scaffold-3.4.1/app/views/active_scaffold_overrides/_search.html.erb (10.8ms)
  Rendered e:/ux/ruby2/lib/ruby/gems/2.0.0/gems/active_scaffold-3.4.1/app/views/active_scaffold_overrides/_messages.html.erb (0.0ms)
  Rendered e:/ux/ruby2/lib/ruby/gems/2.0.0/gems/active_scaffold-3.4.1/app/views/active_scaffold_overrides/_list_inline_adapter.html.erb (75.6ms)
Completed 200 OK in 227ms (Views: 151.2ms | ActiveRecord: 0.0ms)


Started GET "/abcs?utf8=%E2%9C%93&search=11" for 127.0.0.1 at 2014-08-11 16:29:26 +0800
Processing by AbcsController#index as JS
  Parameters: {"utf8"=>"✓", "search"=>"11"}
  [1m[36m (0.0ms)[0m  [1mSELECT COUNT(*) FROM "abcs"  WHERE ("abcs"."ab" LIKE '%11%' OR "abcs"."efg" LIKE '%11%')[0m
  Rendered e:/ux/ruby2/lib/ruby/gems/2.0.0/gems/active_scaffold-3.4.1/app/views/active_scaffold_overrides/_list_column_headings.html.erb (10.8ms)
  Rendered e:/ux/ruby2/lib/ruby/gems/2.0.0/gems/active_scaffold-3.4.1/app/views/active_scaffold_overrides/_messages.html.erb (0.0ms)
  Rendered e:/ux/ruby2/lib/ruby/gems/2.0.0/gems/active_scaffold-3.4.1/app/views/active_scaffold_overrides/_list_messages.html.erb (64.8ms)
  [1m[35mAbc Load (0.0ms)[0m  SELECT  "abcs".* FROM "abcs"  WHERE ("abcs"."ab" LIKE '%11%' OR "abcs"."efg" LIKE '%11%')  ORDER BY "abcs"."id" ASC LIMIT 2 OFFSET 0
  Rendered e:/ux/ruby2/lib/ruby/gems/2.0.0/gems/active_scaffold-3.4.1/app/views/active_scaffold_overrides/_list_record.html.erb (21.6ms)
  Rendered e:/ux/ruby2/lib/ruby/gems/2.0.0/gems/active_scaffold-3.4.1/app/views/active_scaffold_overrides/_list_pagination_links.html.erb (0.0ms)
  Rendered e:/ux/ruby2/lib/ruby/gems/2.0.0/gems/active_scaffold-3.4.1/app/views/active_scaffold_overrides/_list_pagination.html.erb (64.8ms)
  Rendered e:/ux/ruby2/lib/ruby/gems/2.0.0/gems/active_scaffold-3.4.1/app/views/active_scaffold_overrides/_list.html.erb (485.8ms)
  Rendered e:/ux/ruby2/lib/ruby/gems/2.0.0/gems/active_scaffold-3.4.1/app/views/active_scaffold_overrides/_refresh_list.js.erb (539.8ms)
Completed 200 OK in 605ms (Views: 583.0ms | ActiveRecord: 0.0ms)


Started GET "/abcs?page=2&utf8=%E2%9C%93" for 127.0.0.1 at 2014-08-11 16:29:31 +0800
Processing by AbcsController#index as JS
  Parameters: {"page"=>"2", "utf8"=>"✓"}
  [1m[36m (10.8ms)[0m  [1mSELECT COUNT(*) FROM "abcs"[0m
  Rendered e:/ux/ruby2/lib/ruby/gems/2.0.0/gems/active_scaffold-3.4.1/app/views/active_scaffold_overrides/_list_column_headings.html.erb (10.8ms)
  Rendered e:/ux/ruby2/lib/ruby/gems/2.0.0/gems/active_scaffold-3.4.1/app/views/active_scaffold_overrides/_messages.html.erb (0.0ms)
  Rendered e:/ux/ruby2/lib/ruby/gems/2.0.0/gems/active_scaffold-3.4.1/app/views/active_scaffold_overrides/_list_messages.html.erb (75.6ms)
  [1m[35mAbc Load (0.0ms)[0m  SELECT  "abcs".* FROM "abcs"   ORDER BY "abcs"."id" ASC LIMIT 2 OFFSET 2
  Rendered e:/ux/ruby2/lib/ruby/gems/2.0.0/gems/active_scaffold-3.4.1/app/views/active_scaffold_overrides/_list_record.html.erb (10.8ms)
  Rendered e:/ux/ruby2/lib/ruby/gems/2.0.0/gems/active_scaffold-3.4.1/app/views/active_scaffold_overrides/_list_pagination_links.html.erb (10.8ms)
  Rendered e:/ux/ruby2/lib/ruby/gems/2.0.0/gems/active_scaffold-3.4.1/app/views/active_scaffold_overrides/_list_pagination.html.erb (64.8ms)
  Rendered e:/ux/ruby2/lib/ruby/gems/2.0.0/gems/active_scaffold-3.4.1/app/views/active_scaffold_overrides/_list.html.erb (421.1ms)
  Rendered e:/ux/ruby2/lib/ruby/gems/2.0.0/gems/active_scaffold-3.4.1/app/views/active_scaffold_overrides/_refresh_list.js.erb (475.1ms)
Completed 200 OK in 551ms (Views: 529.0ms | ActiveRecord: 10.8ms)


Started GET "/abcs?utf8=%E2%9C%93&search=11&commit=Search" for 127.0.0.1 at 2014-08-11 16:33:17 +0800
Processing by AbcsController#index as JS
  Parameters: {"utf8"=>"✓", "search"=>"11", "commit"=>"Search"}
  [1m[36m (0.0ms)[0m  [1mSELECT COUNT(*) FROM "abcs"  WHERE ("abcs"."ab" LIKE '%11%' OR "abcs"."efg" LIKE '%11%')[0m
  Rendered e:/ux/ruby2/lib/ruby/gems/2.0.0/gems/active_scaffold-3.4.1/app/views/active_scaffold_overrides/_list_column_headings.html.erb (0.0ms)
  Rendered e:/ux/ruby2/lib/ruby/gems/2.0.0/gems/active_scaffold-3.4.1/app/views/active_scaffold_overrides/_messages.html.erb (0.0ms)
  Rendered e:/ux/ruby2/lib/ruby/gems/2.0.0/gems/active_scaffold-3.4.1/app/views/active_scaffold_overrides/_list_messages.html.erb (90.1ms)
  [1m[35mAbc Load (10.0ms)[0m  SELECT  "abcs".* FROM "abcs"  WHERE ("abcs"."ab" LIKE '%11%' OR "abcs"."efg" LIKE '%11%')  ORDER BY "abcs"."id" ASC LIMIT 2 OFFSET 0
  Rendered e:/ux/ruby2/lib/ruby/gems/2.0.0/gems/active_scaffold-3.4.1/app/views/active_scaffold_overrides/_list_record.html.erb (10.0ms)
  Rendered e:/ux/ruby2/lib/ruby/gems/2.0.0/gems/active_scaffold-3.4.1/app/views/active_scaffold_overrides/_list_pagination_links.html.erb (0.0ms)
  Rendered e:/ux/ruby2/lib/ruby/gems/2.0.0/gems/active_scaffold-3.4.1/app/views/active_scaffold_overrides/_list_pagination.html.erb (50.1ms)
  Rendered e:/ux/ruby2/lib/ruby/gems/2.0.0/gems/active_scaffold-3.4.1/app/views/active_scaffold_overrides/_list.html.erb (450.6ms)
  Rendered e:/ux/ruby2/lib/ruby/gems/2.0.0/gems/active_scaffold-3.4.1/app/views/active_scaffold_overrides/_refresh_list.js.erb (500.7ms)
Completed 200 OK in 561ms (Views: 530.8ms | ActiveRecord: 10.0ms)


Started GET "/abcs?page=2&utf8=%E2%9C%93" for 127.0.0.1 at 2014-08-11 16:33:19 +0800
Processing by AbcsController#index as JS
  Parameters: {"page"=>"2", "utf8"=>"✓"}
  [1m[36m (0.0ms)[0m  [1mSELECT COUNT(*) FROM "abcs"[0m
  Rendered e:/ux/ruby2/lib/ruby/gems/2.0.0/gems/active_scaffold-3.4.1/app/views/active_scaffold_overrides/_list_column_headings.html.erb (10.0ms)
  Rendered e:/ux/ruby2/lib/ruby/gems/2.0.0/gems/active_scaffold-3.4.1/app/views/active_scaffold_overrides/_messages.html.erb (0.0ms)
  Rendered e:/ux/ruby2/lib/ruby/gems/2.0.0/gems/active_scaffold-3.4.1/app/views/active_scaffold_overrides/_list_messages.html.erb (60.1ms)
  [1m[35mAbc Load (0.0ms)[0m  SELECT  "abcs".* FROM "abcs"   ORDER BY "abcs"."id" ASC LIMIT 2 OFFSET 2
  Rendered e:/ux/ruby2/lib/ruby/gems/2.0.0/gems/active_scaffold-3.4.1/app/views/active_scaffold_overrides/_list_record.html.erb (10.0ms)
  Rendered e:/ux/ruby2/lib/ruby/gems/2.0.0/gems/active_scaffold-3.4.1/app/views/active_scaffold_overrides/_list_pagination_links.html.erb (0.0ms)
  Rendered e:/ux/ruby2/lib/ruby/gems/2.0.0/gems/active_scaffold-3.4.1/app/views/active_scaffold_overrides/_list_pagination.html.erb (80.1ms)
  Rendered e:/ux/ruby2/lib/ruby/gems/2.0.0/gems/active_scaffold-3.4.1/app/views/active_scaffold_overrides/_list.html.erb (370.5ms)
  Rendered e:/ux/ruby2/lib/ruby/gems/2.0.0/gems/active_scaffold-3.4.1/app/views/active_scaffold_overrides/_refresh_list.js.erb (430.6ms)
Completed 200 OK in 481ms (Views: 470.7ms | ActiveRecord: 0.0ms)


Started GET "/abcs" for 127.0.0.1 at 2014-08-11 16:40:46 +0800
  [1m[36mActiveRecord::SchemaMigration Load (0.1ms)[0m  [1mSELECT "schema_migrations".* FROM "schema_migrations"[0m
Processing by AbcsController#index as HTML
  [1m[35m (0.2ms)[0m  SELECT COUNT(*) FROM "abcs"
  Rendered /usr/local/lib/ruby/gems/2.1.0/gems/active_scaffold-3.4.1/app/views/active_scaffold_overrides/_list_header.html.erb (41.3ms)
  Rendered /usr/local/lib/ruby/gems/2.1.0/gems/active_scaffold-3.4.1/app/views/active_scaffold_overrides/_list_column_headings.html.erb (10.7ms)
  Rendered /usr/local/lib/ruby/gems/2.1.0/gems/active_scaffold-3.4.1/app/views/active_scaffold_overrides/_messages.html.erb (0.8ms)
  Rendered /usr/local/lib/ruby/gems/2.1.0/gems/active_scaffold-3.4.1/app/views/active_scaffold_overrides/_list_messages.html.erb (5.5ms)
  [1m[36mAbc Load (0.2ms)[0m  [1mSELECT  "abcs".* FROM "abcs"   ORDER BY "abcs"."id" ASC LIMIT 2 OFFSET 0[0m
  Rendered /usr/local/lib/ruby/gems/2.1.0/gems/active_scaffold-3.4.1/app/views/active_scaffold_overrides/_list_record.html.erb (15.9ms)
  Rendered /usr/local/lib/ruby/gems/2.1.0/gems/active_scaffold-3.4.1/app/views/active_scaffold_overrides/_list_pagination_links.html.erb (2.2ms)
  Rendered /usr/local/lib/ruby/gems/2.1.0/gems/active_scaffold-3.4.1/app/views/active_scaffold_overrides/_list_pagination.html.erb (7.2ms)
  Rendered /usr/local/lib/ruby/gems/2.1.0/gems/active_scaffold-3.4.1/app/views/active_scaffold_overrides/_list.html.erb (54.1ms)
  Rendered /usr/local/lib/ruby/gems/2.1.0/gems/active_scaffold-3.4.1/app/views/active_scaffold_overrides/_list_with_header.html.erb (102.8ms)
  Rendered /usr/local/lib/ruby/gems/2.1.0/gems/active_scaffold-3.4.1/app/views/active_scaffold_overrides/list.html.erb within layouts/application (109.5ms)
Completed 200 OK in 984ms (Views: 966.8ms | ActiveRecord: 0.4ms)


Started GET "/assets/jquery/active_scaffold.js?body=1" for 127.0.0.1 at 2014-08-11 16:40:47 +0800


Started GET "/assets/jquery/jquery.editinplace.js?body=1" for 127.0.0.1 at 2014-08-11 16:40:47 +0800


Started GET "/assets/active_scaffold.js?body=1" for 127.0.0.1 at 2014-08-11 16:40:47 +0800


Started GET "/assets/getprototypeof.js?body=1" for 127.0.0.1 at 2014-08-11 16:40:47 +0800


Started GET "/assets/application.css?body=1" for 127.0.0.1 at 2014-08-11 16:40:47 +0800


Started GET "/assets/jquery.js?body=1" for 127.0.0.1 at 2014-08-11 16:40:47 +0800


Started GET "/assets/active_scaffold.css?body=1" for 127.0.0.1 at 2014-08-11 16:40:47 +0800


Started GET "/assets/jquery_ujs.js?body=1" for 127.0.0.1 at 2014-08-11 16:40:47 +0800


Started GET "/assets/turbolinks.js?body=1" for 127.0.0.1 at 2014-08-11 16:40:47 +0800


Started GET "/assets/application.js?body=1" for 127.0.0.1 at 2014-08-11 16:40:47 +0800


Started GET "/assets/active_scaffold/indicator.gif" for 127.0.0.1 at 2014-08-11 16:40:47 +0800


Started GET "/assets/active_scaffold/add.png" for 127.0.0.1 at 2014-08-11 16:40:47 +0800


Started GET "/assets/active_scaffold/magnifier.png" for 127.0.0.1 at 2014-08-11 16:40:47 +0800


Started GET "/abcs/show_search?adapter=_list_inline_adapter" for 127.0.0.1 at 2014-08-11 16:40:50 +0800
Processing by AbcsController#show_search as JS
  Parameters: {"adapter"=>"_list_inline_adapter"}
  Rendered /usr/local/lib/ruby/gems/2.1.0/gems/active_scaffold-3.4.1/app/views/active_scaffold_overrides/_search.html.erb (4.5ms)
  Rendered /usr/local/lib/ruby/gems/2.1.0/gems/active_scaffold-3.4.1/app/views/active_scaffold_overrides/_messages.html.erb (0.8ms)
  Rendered /usr/local/lib/ruby/gems/2.1.0/gems/active_scaffold-3.4.1/app/views/active_scaffold_overrides/_list_inline_adapter.html.erb (5.5ms)
Completed 200 OK in 22ms (Views: 9.8ms | ActiveRecord: 0.0ms)


Started GET "/assets/active_scaffold/close.png" for 127.0.0.1 at 2014-08-11 16:40:50 +0800


Started GET "/abcs?utf8=%E2%9C%93&search=11&commit=Search" for 127.0.0.1 at 2014-08-11 16:40:51 +0800
Processing by AbcsController#index as JS
  Parameters: {"utf8"=>"✓", "search"=>"11", "commit"=>"Search"}
  [1m[35m (0.2ms)[0m  SELECT COUNT(*) FROM "abcs"  WHERE ("abcs"."ab" LIKE '%11%' OR "abcs"."efg" LIKE '%11%')
  Rendered /usr/local/lib/ruby/gems/2.1.0/gems/active_scaffold-3.4.1/app/views/active_scaffold_overrides/_list_column_headings.html.erb (5.3ms)
  Rendered /usr/local/lib/ruby/gems/2.1.0/gems/active_scaffold-3.4.1/app/views/active_scaffold_overrides/_messages.html.erb (0.3ms)
  Rendered /usr/local/lib/ruby/gems/2.1.0/gems/active_scaffold-3.4.1/app/views/active_scaffold_overrides/_list_messages.html.erb (9.1ms)
  [1m[36mAbc Load (0.2ms)[0m  [1mSELECT  "abcs".* FROM "abcs"  WHERE ("abcs"."ab" LIKE '%11%' OR "abcs"."efg" LIKE '%11%')  ORDER BY "abcs"."id" ASC LIMIT 2 OFFSET 0[0m
  Rendered /usr/local/lib/ruby/gems/2.1.0/gems/active_scaffold-3.4.1/app/views/active_scaffold_overrides/_list_record.html.erb (11.0ms)
  Rendered /usr/local/lib/ruby/gems/2.1.0/gems/active_scaffold-3.4.1/app/views/active_scaffold_overrides/_list_pagination_links.html.erb (2.2ms)
  Rendered /usr/local/lib/ruby/gems/2.1.0/gems/active_scaffold-3.4.1/app/views/active_scaffold_overrides/_list_pagination.html.erb (7.6ms)
  Rendered /usr/local/lib/ruby/gems/2.1.0/gems/active_scaffold-3.4.1/app/views/active_scaffold_overrides/_list.html.erb (49.5ms)
  Rendered /usr/local/lib/ruby/gems/2.1.0/gems/active_scaffold-3.4.1/app/views/active_scaffold_overrides/_refresh_list.js.erb (54.3ms)
Completed 200 OK in 65ms (Views: 57.4ms | ActiveRecord: 0.4ms)


Started GET "/abcs?page=2&utf8=%E2%9C%93" for 127.0.0.1 at 2014-08-11 16:40:53 +0800
Processing by AbcsController#index as JS
  Parameters: {"page"=>"2", "utf8"=>"✓"}
  [1m[35m (0.1ms)[0m  SELECT COUNT(*) FROM "abcs"
  Rendered /usr/local/lib/ruby/gems/2.1.0/gems/active_scaffold-3.4.1/app/views/active_scaffold_overrides/_list_column_headings.html.erb (4.7ms)
  Rendered /usr/local/lib/ruby/gems/2.1.0/gems/active_scaffold-3.4.1/app/views/active_scaffold_overrides/_messages.html.erb (0.1ms)
  Rendered /usr/local/lib/ruby/gems/2.1.0/gems/active_scaffold-3.4.1/app/views/active_scaffold_overrides/_list_messages.html.erb (4.6ms)
  [1m[36mAbc Load (0.4ms)[0m  [1mSELECT  "abcs".* FROM "abcs"   ORDER BY "abcs"."id" ASC LIMIT 2 OFFSET 2[0m
  Rendered /usr/local/lib/ruby/gems/2.1.0/gems/active_scaffold-3.4.1/app/views/active_scaffold_overrides/_list_record.html.erb (14.7ms)
  Rendered /usr/local/lib/ruby/gems/2.1.0/gems/active_scaffold-3.4.1/app/views/active_scaffold_overrides/_list_pagination_links.html.erb (2.3ms)
  Rendered /usr/local/lib/ruby/gems/2.1.0/gems/active_scaffold-3.4.1/app/views/active_scaffold_overrides/_list_pagination.html.erb (5.8ms)
  Rendered /usr/local/lib/ruby/gems/2.1.0/gems/active_scaffold-3.4.1/app/views/active_scaffold_overrides/_list.html.erb (48.2ms)
  Rendered /usr/local/lib/ruby/gems/2.1.0/gems/active_scaffold-3.4.1/app/views/active_scaffold_overrides/_refresh_list.js.erb (53.3ms)
Completed 200 OK in 63ms (Views: 56.8ms | ActiveRecord: 0.5ms)
